[0.360s] DEBUG:colcon:Command line arguments: ['/usr/bin/colcon', 'build']
[0.360s] DEBUG:colcon:Parsed command line arguments: Namespace(ament_cmake_args=None, base_paths=['.'], build_base='build', catkin_cmake_args=None, catkin_skip_building_tests=False, cmake_args=None, cmake_clean_cache=False, cmake_clean_first=False, cmake_force_configure=False, cmake_target=None, cmake_target_skip_unavailable=False, continue_on_error=False, event_handlers=None, executor='sequential', install_base='install', log_base=None, log_level=None, main=<bound method BuildVerb.main of <colcon_core.verb.build.BuildVerb object at 0x7f447b6fd250>>, merge_install=False, paths=None, symlink_install=False, test_result_base=None, verb_extension=<colcon_core.verb.build.BuildVerb object at 0x7f447b6fd250>, verb_name='build', verb_parser=CustomArgumentParser(prog='colcon build', usage=None, description='Build a set of packages.', formatter_class=<class 'colcon_core.command.CustomFormatter'>, conflict_handler='error', add_help=True))
[0.409s] Level 1:colcon.colcon_core.package_discovery:discover_packages(recursive) check parameters
[0.409s] Level 1:colcon.colcon_core.package_discovery:discover_packages(path) check parameters
[0.409s] Level 1:colcon.colcon_core.package_discovery:discover_packages(recursive) discover
[0.409s] INFO:colcon.colcon_core.package_discovery:Crawling recursively for packages in '/home/qubo/mysunny'
[0.410s] Level 1:colcon.colcon_core.package_identification:_identify(.) by extensions ['ignore', 'ignore_ament_install']
[0.410s] Level 1:colcon.colcon_core.package_identification:_identify(.) by extension 'ignore'
[0.410s] Level 1:colcon.colcon_core.package_identification:_identify(.) by extension 'ignore_ament_install'
[0.410s] Level 1:colcon.colcon_core.package_identification:_identify(.) by extensions ['ros']
[0.410s] Level 1:colcon.colcon_core.package_identification:_identify(.) by extension 'ros'
[0.425s] Level 1:colcon.colcon_core.package_identification:_identify(.) by extensions ['cmake', 'python']
[0.425s] Level 1:colcon.colcon_core.package_identification:_identify(.) by extension 'cmake'
[0.425s] Level 1:colcon.colcon_core.package_identification:_identify(.) by extension 'python'
[0.425s] Level 1:colcon.colcon_core.package_identification:_identify(.) by extensions ['python_setup_py']
[0.425s] Level 1:colcon.colcon_core.package_identification:_identify(.) by extension 'python_setup_py'
[0.426s] Level 1:colcon.colcon_core.package_identification:_identify(SAVE) by extensions ['ignore', 'ignore_ament_install']
[0.426s] Level 1:colcon.colcon_core.package_identification:_identify(SAVE) by extension 'ignore'
[0.426s] Level 1:colcon.colcon_core.package_identification:_identify(SAVE) by extension 'ignore_ament_install'
[0.426s] Level 1:colcon.colcon_core.package_identification:_identify(SAVE) by extensions ['ros']
[0.426s] Level 1:colcon.colcon_core.package_identification:_identify(SAVE) by extension 'ros'
[0.426s] Level 1:colcon.colcon_core.package_identification:_identify(SAVE) by extensions ['cmake', 'python']
[0.426s] Level 1:colcon.colcon_core.package_identification:_identify(SAVE) by extension 'cmake'
[0.426s] Level 1:colcon.colcon_core.package_identification:_identify(SAVE) by extension 'python'
[0.426s] Level 1:colcon.colcon_core.package_identification:_identify(SAVE) by extensions ['python_setup_py']
[0.426s] Level 1:colcon.colcon_core.package_identification:_identify(SAVE) by extension 'python_setup_py'
[0.426s] Level 1:colcon.colcon_core.package_identification:_identify(SAVE/DATA) by extensions ['ignore', 'ignore_ament_install']
[0.426s] Level 1:colcon.colcon_core.package_identification:_identify(SAVE/DATA) by extension 'ignore'
[0.426s] Level 1:colcon.colcon_core.package_identification:_identify(SAVE/DATA) by extension 'ignore_ament_install'
[0.426s] Level 1:colcon.colcon_core.package_identification:_identify(SAVE/DATA) by extensions ['ros']
[0.426s] Level 1:colcon.colcon_core.package_identification:_identify(SAVE/DATA) by extension 'ros'
[0.427s] Level 1:colcon.colcon_core.package_identification:_identify(SAVE/DATA) by extensions ['cmake', 'python']
[0.427s] Level 1:colcon.colcon_core.package_identification:_identify(SAVE/DATA) by extension 'cmake'
[0.427s] Level 1:colcon.colcon_core.package_identification:_identify(SAVE/DATA) by extension 'python'
[0.427s] Level 1:colcon.colcon_core.package_identification:_identify(SAVE/DATA) by extensions ['python_setup_py']
[0.427s] Level 1:colcon.colcon_core.package_identification:_identify(SAVE/DATA) by extension 'python_setup_py'
[0.427s] Level 1:colcon.colcon_core.package_identification:_identify(build) by extensions ['ignore', 'ignore_ament_install']
[0.427s] Level 1:colcon.colcon_core.package_identification:_identify(build) by extension 'ignore'
[0.427s] Level 1:colcon.colcon_core.package_identification:_identify(build) ignored
[0.427s] Level 1:colcon.colcon_core.package_identification:_identify(install) by extensions ['ignore', 'ignore_ament_install']
[0.427s] Level 1:colcon.colcon_core.package_identification:_identify(install) by extension 'ignore'
[0.427s] Level 1:colcon.colcon_core.package_identification:_identify(install) ignored
[0.427s] Level 1:colcon.colcon_core.package_identification:_identify(log) by extensions ['ignore', 'ignore_ament_install']
[0.428s] Level 1:colcon.colcon_core.package_identification:_identify(log) by extension 'ignore'
[0.428s] Level 1:colcon.colcon_core.package_identification:_identify(log) ignored
[0.428s] Level 1:colcon.colcon_core.package_identification:_identify(src) by extensions ['ignore', 'ignore_ament_install']
[0.428s] Level 1:colcon.colcon_core.package_identification:_identify(src) by extension 'ignore'
[0.428s] Level 1:colcon.colcon_core.package_identification:_identify(src) by extension 'ignore_ament_install'
[0.428s] Level 1:colcon.colcon_core.package_identification:_identify(src) by extensions ['ros']
[0.428s] Level 1:colcon.colcon_core.package_identification:_identify(src) by extension 'ros'
[0.428s] Level 1:colcon.colcon_core.package_identification:_identify(src) by extensions ['cmake', 'python']
[0.428s] Level 1:colcon.colcon_core.package_identification:_identify(src) by extension 'cmake'
[0.428s] Level 1:colcon.colcon_core.package_identification:_identify(src) by extension 'python'
[0.428s] Level 1:colcon.colcon_core.package_identification:_identify(src) by extensions ['python_setup_py']
[0.428s] Level 1:colcon.colcon_core.package_identification:_identify(src) by extension 'python_setup_py'
[0.428s] Level 1:colcon.colcon_core.package_identification:_identify(src/camera_test) by extensions ['ignore', 'ignore_ament_install']
[0.428s] Level 1:colcon.colcon_core.package_identification:_identify(src/camera_test) by extension 'ignore'
[0.428s] Level 1:colcon.colcon_core.package_identification:_identify(src/camera_test) by extension 'ignore_ament_install'
[0.429s] Level 1:colcon.colcon_core.package_identification:_identify(src/camera_test) by extensions ['ros']
[0.429s] Level 1:colcon.colcon_core.package_identification:_identify(src/camera_test) by extension 'ros'
[0.433s] DEBUG:colcon.colcon_core.package_identification:Package 'src/camera_test' with type 'ros.ament_cmake' and name 'camera_test'
[0.433s] Level 1:colcon.colcon_core.package_identification:_identify(src/camera_tis) by extensions ['ignore', 'ignore_ament_install']
[0.433s] Level 1:colcon.colcon_core.package_identification:_identify(src/camera_tis) by extension 'ignore'
[0.433s] Level 1:colcon.colcon_core.package_identification:_identify(src/camera_tis) by extension 'ignore_ament_install'
[0.433s] Level 1:colcon.colcon_core.package_identification:_identify(src/camera_tis) by extensions ['ros']
[0.433s] Level 1:colcon.colcon_core.package_identification:_identify(src/camera_tis) by extension 'ros'
[0.434s] DEBUG:colcon.colcon_core.package_identification:Package 'src/camera_tis' with type 'ros.ament_cmake' and name 'camera_tis'
[0.434s] Level 1:colcon.colcon_core.package_identification:_identify(src/cloud_result_tcpip) by extensions ['ignore', 'ignore_ament_install']
[0.435s] Level 1:colcon.colcon_core.package_identification:_identify(src/cloud_result_tcpip) by extension 'ignore'
[0.435s] Level 1:colcon.colcon_core.package_identification:_identify(src/cloud_result_tcpip) by extension 'ignore_ament_install'
[0.435s] Level 1:colcon.colcon_core.package_identification:_identify(src/cloud_result_tcpip) by extensions ['ros']
[0.435s] Level 1:colcon.colcon_core.package_identification:_identify(src/cloud_result_tcpip) by extension 'ros'
[0.436s] DEBUG:colcon.colcon_core.package_identification:Package 'src/cloud_result_tcpip' with type 'ros.ament_cmake' and name 'cloud_result_tcpip'
[0.436s] Level 1:colcon.colcon_core.package_identification:_identify(src/config_tis) by extensions ['ignore', 'ignore_ament_install']
[0.436s] Level 1:colcon.colcon_core.package_identification:_identify(src/config_tis) by extension 'ignore'
[0.436s] Level 1:colcon.colcon_core.package_identification:_identify(src/config_tis) by extension 'ignore_ament_install'
[0.436s] Level 1:colcon.colcon_core.package_identification:_identify(src/config_tis) by extensions ['ros']
[0.436s] Level 1:colcon.colcon_core.package_identification:_identify(src/config_tis) by extension 'ros'
[0.437s] DEBUG:colcon.colcon_core.package_identification:Package 'src/config_tis' with type 'ros.ament_python' and name 'config_tis'
[0.437s] Level 1:colcon.colcon_core.package_identification:_identify(src/gpio_raspberry) by extensions ['ignore', 'ignore_ament_install']
[0.437s] Level 1:colcon.colcon_core.package_identification:_identify(src/gpio_raspberry) by extension 'ignore'
[0.437s] Level 1:colcon.colcon_core.package_identification:_identify(src/gpio_raspberry) by extension 'ignore_ament_install'
[0.437s] Level 1:colcon.colcon_core.package_identification:_identify(src/gpio_raspberry) by extensions ['ros']
[0.437s] Level 1:colcon.colcon_core.package_identification:_identify(src/gpio_raspberry) by extension 'ros'
[0.438s] DEBUG:colcon.colcon_core.package_identification:Package 'src/gpio_raspberry' with type 'ros.ament_cmake' and name 'gpio_raspberry'
[0.438s] Level 1:colcon.colcon_core.package_identification:_identify(src/image_result_tcpip) by extensions ['ignore', 'ignore_ament_install']
[0.438s] Level 1:colcon.colcon_core.package_identification:_identify(src/image_result_tcpip) by extension 'ignore'
[0.438s] Level 1:colcon.colcon_core.package_identification:_identify(src/image_result_tcpip) by extension 'ignore_ament_install'
[0.438s] Level 1:colcon.colcon_core.package_identification:_identify(src/image_result_tcpip) by extensions ['ros']
[0.438s] Level 1:colcon.colcon_core.package_identification:_identify(src/image_result_tcpip) by extension 'ros'
[0.439s] DEBUG:colcon.colcon_core.package_identification:Package 'src/image_result_tcpip' with type 'ros.ament_cmake' and name 'image_result_tcpip'
[0.439s] Level 1:colcon.colcon_core.package_identification:_identify(src/image_tcpip) by extensions ['ignore', 'ignore_ament_install']
[0.440s] Level 1:colcon.colcon_core.package_identification:_identify(src/image_tcpip) by extension 'ignore'
[0.440s] Level 1:colcon.colcon_core.package_identification:_identify(src/image_tcpip) by extension 'ignore_ament_install'
[0.440s] Level 1:colcon.colcon_core.package_identification:_identify(src/image_tcpip) by extensions ['ros']
[0.440s] Level 1:colcon.colcon_core.package_identification:_identify(src/image_tcpip) by extension 'ros'
[0.440s] DEBUG:colcon.colcon_core.package_identification:Package 'src/image_tcpip' with type 'ros.ament_cmake' and name 'image_tcpip'
[0.441s] Level 1:colcon.colcon_core.package_identification:_identify(src/laser_imagepos) by extensions ['ignore', 'ignore_ament_install']
[0.441s] Level 1:colcon.colcon_core.package_identification:_identify(src/laser_imagepos) by extension 'ignore'
[0.441s] Level 1:colcon.colcon_core.package_identification:_identify(src/laser_imagepos) by extension 'ignore_ament_install'
[0.441s] Level 1:colcon.colcon_core.package_identification:_identify(src/laser_imagepos) by extensions ['ros']
[0.441s] Level 1:colcon.colcon_core.package_identification:_identify(src/laser_imagepos) by extension 'ros'
[0.442s] DEBUG:colcon.colcon_core.package_identification:Package 'src/laser_imagepos' with type 'ros.ament_cmake' and name 'laser_imagepos'
[0.442s] Level 1:colcon.colcon_core.package_identification:_identify(src/laser_line_center) by extensions ['ignore', 'ignore_ament_install']
[0.442s] Level 1:colcon.colcon_core.package_identification:_identify(src/laser_line_center) by extension 'ignore'
[0.442s] Level 1:colcon.colcon_core.package_identification:_identify(src/laser_line_center) by extension 'ignore_ament_install'
[0.442s] Level 1:colcon.colcon_core.package_identification:_identify(src/laser_line_center) by extensions ['ros']
[0.442s] Level 1:colcon.colcon_core.package_identification:_identify(src/laser_line_center) by extension 'ros'
[0.443s] DEBUG:colcon.colcon_core.package_identification:Package 'src/laser_line_center' with type 'ros.ament_cmake' and name 'laser_line_center'
[0.443s] Level 1:colcon.colcon_core.package_identification:_identify(src/laser_line_filter) by extensions ['ignore', 'ignore_ament_install']
[0.443s] Level 1:colcon.colcon_core.package_identification:_identify(src/laser_line_filter) by extension 'ignore'
[0.443s] Level 1:colcon.colcon_core.package_identification:_identify(src/laser_line_filter) by extension 'ignore_ament_install'
[0.443s] Level 1:colcon.colcon_core.package_identification:_identify(src/laser_line_filter) by extensions ['ros']
[0.443s] Level 1:colcon.colcon_core.package_identification:_identify(src/laser_line_filter) by extension 'ros'
[0.444s] DEBUG:colcon.colcon_core.package_identification:Package 'src/laser_line_filter' with type 'ros.ament_cmake' and name 'laser_line_filter'
[0.444s] Level 1:colcon.colcon_core.package_identification:_identify(src/line_center_reconstruction) by extensions ['ignore', 'ignore_ament_install']
[0.445s] Level 1:colcon.colcon_core.package_identification:_identify(src/line_center_reconstruction) by extension 'ignore'
[0.445s] Level 1:colcon.colcon_core.package_identification:_identify(src/line_center_reconstruction) by extension 'ignore_ament_install'
[0.445s] Level 1:colcon.colcon_core.package_identification:_identify(src/line_center_reconstruction) by extensions ['ros']
[0.445s] Level 1:colcon.colcon_core.package_identification:_identify(src/line_center_reconstruction) by extension 'ros'
[0.446s] DEBUG:colcon.colcon_core.package_identification:Package 'src/line_center_reconstruction' with type 'ros.ament_cmake' and name 'line_center_reconstruction'
[0.446s] Level 1:colcon.colcon_core.package_identification:_identify(src/modbus) by extensions ['ignore', 'ignore_ament_install']
[0.446s] Level 1:colcon.colcon_core.package_identification:_identify(src/modbus) by extension 'ignore'
[0.446s] Level 1:colcon.colcon_core.package_identification:_identify(src/modbus) by extension 'ignore_ament_install'
[0.446s] Level 1:colcon.colcon_core.package_identification:_identify(src/modbus) by extensions ['ros']
[0.446s] Level 1:colcon.colcon_core.package_identification:_identify(src/modbus) by extension 'ros'
[0.447s] DEBUG:colcon.colcon_core.package_identification:Package 'src/modbus' with type 'ros.ament_cmake' and name 'modbus'
[0.447s] Level 1:colcon.colcon_core.package_identification:_identify(src/my_pclout) by extensions ['ignore', 'ignore_ament_install']
[0.447s] Level 1:colcon.colcon_core.package_identification:_identify(src/my_pclout) by extension 'ignore'
[0.447s] Level 1:colcon.colcon_core.package_identification:_identify(src/my_pclout) by extension 'ignore_ament_install'
[0.447s] Level 1:colcon.colcon_core.package_identification:_identify(src/my_pclout) by extensions ['ros']
[0.447s] Level 1:colcon.colcon_core.package_identification:_identify(src/my_pclout) by extension 'ros'
[0.448s] DEBUG:colcon.colcon_core.package_identification:Package 'src/my_pclout' with type 'ros.ament_cmake' and name 'my_pclout'
[0.448s] Level 1:colcon.colcon_core.package_identification:_identify(src/pipeline_tis) by extensions ['ignore', 'ignore_ament_install']
[0.448s] Level 1:colcon.colcon_core.package_identification:_identify(src/pipeline_tis) by extension 'ignore'
[0.448s] Level 1:colcon.colcon_core.package_identification:_identify(src/pipeline_tis) by extension 'ignore_ament_install'
[0.448s] Level 1:colcon.colcon_core.package_identification:_identify(src/pipeline_tis) by extensions ['ros']
[0.448s] Level 1:colcon.colcon_core.package_identification:_identify(src/pipeline_tis) by extension 'ros'
[0.450s] DEBUG:colcon.colcon_core.package_identification:Package 'src/pipeline_tis' with type 'ros.ament_cmake' and name 'pipeline_tis'
[0.450s] Level 1:colcon.colcon_core.package_identification:_identify(src/rotate_image) by extensions ['ignore', 'ignore_ament_install']
[0.450s] Level 1:colcon.colcon_core.package_identification:_identify(src/rotate_image) by extension 'ignore'
[0.450s] Level 1:colcon.colcon_core.package_identification:_identify(src/rotate_image) by extension 'ignore_ament_install'
[0.451s] Level 1:colcon.colcon_core.package_identification:_identify(src/rotate_image) by extensions ['ros']
[0.451s] Level 1:colcon.colcon_core.package_identification:_identify(src/rotate_image) by extension 'ros'
[0.451s] DEBUG:colcon.colcon_core.package_identification:Package 'src/rotate_image' with type 'ros.ament_cmake' and name 'rotate_image'
[0.451s] Level 1:colcon.colcon_core.package_identification:_identify(src/seam_tracking) by extensions ['ignore', 'ignore_ament_install']
[0.452s] Level 1:colcon.colcon_core.package_identification:_identify(src/seam_tracking) by extension 'ignore'
[0.452s] Level 1:colcon.colcon_core.package_identification:_identify(src/seam_tracking) by extension 'ignore_ament_install'
[0.452s] Level 1:colcon.colcon_core.package_identification:_identify(src/seam_tracking) by extensions ['ros']
[0.452s] Level 1:colcon.colcon_core.package_identification:_identify(src/seam_tracking) by extension 'ros'
[0.452s] DEBUG:colcon.colcon_core.package_identification:Package 'src/seam_tracking' with type 'ros.ament_python' and name 'seam_tracking'
[0.452s] Level 1:colcon.colcon_core.package_identification:_identify(src/tutorial_interfaces) by extensions ['ignore', 'ignore_ament_install']
[0.452s] Level 1:colcon.colcon_core.package_identification:_identify(src/tutorial_interfaces) by extension 'ignore'
[0.452s] Level 1:colcon.colcon_core.package_identification:_identify(src/tutorial_interfaces) by extension 'ignore_ament_install'
[0.453s] Level 1:colcon.colcon_core.package_identification:_identify(src/tutorial_interfaces) by extensions ['ros']
[0.453s] Level 1:colcon.colcon_core.package_identification:_identify(src/tutorial_interfaces) by extension 'ros'
[0.453s] DEBUG:colcon.colcon_core.package_identification:Package 'src/tutorial_interfaces' with type 'ros.ament_cmake' and name 'tutorial_interfaces'
[0.453s] Level 1:colcon.colcon_core.package_identification:_identify(tools) by extensions ['ignore', 'ignore_ament_install']
[0.453s] Level 1:colcon.colcon_core.package_identification:_identify(tools) by extension 'ignore'
[0.454s] Level 1:colcon.colcon_core.package_identification:_identify(tools) by extension 'ignore_ament_install'
[0.454s] Level 1:colcon.colcon_core.package_identification:_identify(tools) by extensions ['ros']
[0.454s] Level 1:colcon.colcon_core.package_identification:_identify(tools) by extension 'ros'
[0.454s] Level 1:colcon.colcon_core.package_identification:_identify(tools) by extensions ['cmake', 'python']
[0.454s] Level 1:colcon.colcon_core.package_identification:_identify(tools) by extension 'cmake'
[0.454s] Level 1:colcon.colcon_core.package_identification:_identify(tools) by extension 'python'
[0.454s] Level 1:colcon.colcon_core.package_identification:_identify(tools) by extensions ['python_setup_py']
[0.454s] Level 1:colcon.colcon_core.package_identification:_identify(tools) by extension 'python_setup_py'
[0.454s] Level 1:colcon.colcon_core.package_identification:_identify(tools/ros2_numpy) by extensions ['ignore', 'ignore_ament_install']
[0.454s] Level 1:colcon.colcon_core.package_identification:_identify(tools/ros2_numpy) by extension 'ignore'
[0.454s] Level 1:colcon.colcon_core.package_identification:_identify(tools/ros2_numpy) by extension 'ignore_ament_install'
[0.454s] Level 1:colcon.colcon_core.package_identification:_identify(tools/ros2_numpy) by extensions ['ros']
[0.454s] Level 1:colcon.colcon_core.package_identification:_identify(tools/ros2_numpy) by extension 'ros'
[0.454s] Level 1:colcon.colcon_core.package_identification:_identify(tools/ros2_numpy) by extensions ['cmake', 'python']
[0.454s] Level 1:colcon.colcon_core.package_identification:_identify(tools/ros2_numpy) by extension 'cmake'
[0.454s] Level 1:colcon.colcon_core.package_identification:_identify(tools/ros2_numpy) by extension 'python'
[0.454s] Level 1:colcon.colcon_core.package_identification:_identify(tools/ros2_numpy) by extensions ['python_setup_py']
[0.455s] Level 1:colcon.colcon_core.package_identification:_identify(tools/ros2_numpy) by extension 'python_setup_py'
[0.455s] Level 1:colcon.colcon_core.package_identification:_identify(tools/seam_tracking_gui) by extensions ['ignore', 'ignore_ament_install']
[0.455s] Level 1:colcon.colcon_core.package_identification:_identify(tools/seam_tracking_gui) by extension 'ignore'
[0.455s] Level 1:colcon.colcon_core.package_identification:_identify(tools/seam_tracking_gui) by extension 'ignore_ament_install'
[0.455s] Level 1:colcon.colcon_core.package_identification:_identify(tools/seam_tracking_gui) by extensions ['ros']
[0.455s] Level 1:colcon.colcon_core.package_identification:_identify(tools/seam_tracking_gui) by extension 'ros'
[0.455s] Level 1:colcon.colcon_core.package_identification:_identify(tools/seam_tracking_gui) by extensions ['cmake', 'python']
[0.455s] Level 1:colcon.colcon_core.package_identification:_identify(tools/seam_tracking_gui) by extension 'cmake'
[0.455s] Level 1:colcon.colcon_core.package_identification:_identify(tools/seam_tracking_gui) by extension 'python'
[0.455s] Level 1:colcon.colcon_core.package_identification:_identify(tools/seam_tracking_gui) by extensions ['python_setup_py']
[0.455s] Level 1:colcon.colcon_core.package_identification:_identify(tools/seam_tracking_gui) by extension 'python_setup_py'
[0.455s] Level 1:colcon.colcon_core.package_identification:_identify(tools/seam_tracking_gui/test) by extensions ['ignore', 'ignore_ament_install']
[0.455s] Level 1:colcon.colcon_core.package_identification:_identify(tools/seam_tracking_gui/test) by extension 'ignore'
[0.455s] Level 1:colcon.colcon_core.package_identification:_identify(tools/seam_tracking_gui/test) by extension 'ignore_ament_install'
[0.455s] Level 1:colcon.colcon_core.package_identification:_identify(tools/seam_tracking_gui/test) by extensions ['ros']
[0.455s] Level 1:colcon.colcon_core.package_identification:_identify(tools/seam_tracking_gui/test) by extension 'ros'
[0.456s] Level 1:colcon.colcon_core.package_identification:_identify(tools/seam_tracking_gui/test) by extensions ['cmake', 'python']
[0.456s] Level 1:colcon.colcon_core.package_identification:_identify(tools/seam_tracking_gui/test) by extension 'cmake'
[0.456s] Level 1:colcon.colcon_core.package_identification:_identify(tools/seam_tracking_gui/test) by extension 'python'
[0.456s] Level 1:colcon.colcon_core.package_identification:_identify(tools/seam_tracking_gui/test) by extensions ['python_setup_py']
[0.456s] Level 1:colcon.colcon_core.package_identification:_identify(tools/seam_tracking_gui/test) by extension 'python_setup_py'
[0.456s] Level 1:colcon.colcon_core.package_identification:_identify(tools/template) by extensions ['ignore', 'ignore_ament_install']
[0.456s] Level 1:colcon.colcon_core.package_identification:_identify(tools/template) by extension 'ignore'
[0.456s] Level 1:colcon.colcon_core.package_identification:_identify(tools/template) by extension 'ignore_ament_install'
[0.456s] Level 1:colcon.colcon_core.package_identification:_identify(tools/template) by extensions ['ros']
[0.456s] Level 1:colcon.colcon_core.package_identification:_identify(tools/template) by extension 'ros'
[0.456s] Level 1:colcon.colcon_core.package_identification:_identify(tools/template) by extensions ['cmake', 'python']
[0.456s] Level 1:colcon.colcon_core.package_identification:_identify(tools/template) by extension 'cmake'
[0.456s] Level 1:colcon.colcon_core.package_identification:_identify(tools/template) by extension 'python'
[0.456s] Level 1:colcon.colcon_core.package_identification:_identify(tools/template) by extensions ['python_setup_py']
[0.456s] Level 1:colcon.colcon_core.package_identification:_identify(tools/template) by extension 'python_setup_py'
[0.456s] Level 1:colcon.colcon_core.package_discovery:discover_packages(recursive) using defaults
[0.456s] Level 1:colcon.colcon_core.package_discovery:discover_packages(path) discover
[0.457s] Level 1:colcon.colcon_core.package_discovery:discover_packages(path) using defaults
[0.497s] Level 5:colcon.colcon_core.verb:set package 'config_tis' build argument 'cmake_args' from command line to 'None'
[0.497s] Level 5:colcon.colcon_core.verb:set package 'config_tis' build argument 'cmake_target' from command line to 'None'
[0.497s] Level 5:colcon.colcon_core.verb:set package 'config_tis' build argument 'cmake_target_skip_unavailable' from command line to 'False'
[0.498s] Level 5:colcon.colcon_core.verb:set package 'config_tis' build argument 'cmake_clean_cache' from command line to 'False'
[0.498s] Level 5:colcon.colcon_core.verb:set package 'config_tis' build argument 'cmake_clean_first' from command line to 'False'
[0.498s] Level 5:colcon.colcon_core.verb:set package 'config_tis' build argument 'cmake_force_configure' from command line to 'False'
[0.498s] Level 5:colcon.colcon_core.verb:set package 'config_tis' build argument 'ament_cmake_args' from command line to 'None'
[0.498s] Level 5:colcon.colcon_core.verb:set package 'config_tis' build argument 'catkin_cmake_args' from command line to 'None'
[0.498s] Level 5:colcon.colcon_core.verb:set package 'config_tis' build argument 'catkin_skip_building_tests' from command line to 'False'
[0.498s] DEBUG:colcon.colcon_core.verb:Building package 'config_tis' with the following arguments: {'ament_cmake_args': None, 'build_base': '/home/qubo/mysunny/build/config_tis', 'catkin_cmake_args': None, 'catkin_skip_building_tests': False, 'cmake_args': None, 'cmake_clean_cache': False, 'cmake_clean_first': False, 'cmake_force_configure': False, 'cmake_target': None, 'cmake_target_skip_unavailable': False, 'install_base': '/home/qubo/mysunny/install/config_tis', 'merge_install': False, 'path': '/home/qubo/mysunny/src/config_tis', 'symlink_install': False, 'test_result_base': None}
[0.499s] Level 5:colcon.colcon_core.verb:set package 'gpio_raspberry' build argument 'cmake_args' from command line to 'None'
[0.499s] Level 5:colcon.colcon_core.verb:set package 'gpio_raspberry' build argument 'cmake_target' from command line to 'None'
[0.499s] Level 5:colcon.colcon_core.verb:set package 'gpio_raspberry' build argument 'cmake_target_skip_unavailable' from command line to 'False'
[0.499s] Level 5:colcon.colcon_core.verb:set package 'gpio_raspberry' build argument 'cmake_clean_cache' from command line to 'False'
[0.499s] Level 5:colcon.colcon_core.verb:set package 'gpio_raspberry' build argument 'cmake_clean_first' from command line to 'False'
[0.499s] Level 5:colcon.colcon_core.verb:set package 'gpio_raspberry' build argument 'cmake_force_configure' from command line to 'False'
[0.499s] Level 5:colcon.colcon_core.verb:set package 'gpio_raspberry' build argument 'ament_cmake_args' from command line to 'None'
[0.499s] Level 5:colcon.colcon_core.verb:set package 'gpio_raspberry' build argument 'catkin_cmake_args' from command line to 'None'
[0.500s] Level 5:colcon.colcon_core.verb:set package 'gpio_raspberry' build argument 'catkin_skip_building_tests' from command line to 'False'
[0.500s] DEBUG:colcon.colcon_core.verb:Building package 'gpio_raspberry' with the following arguments: {'ament_cmake_args': None, 'build_base': '/home/qubo/mysunny/build/gpio_raspberry', 'catkin_cmake_args': None, 'catkin_skip_building_tests': False, 'cmake_args': None, 'cmake_clean_cache': False, 'cmake_clean_first': False, 'cmake_force_configure': False, 'cmake_target': None, 'cmake_target_skip_unavailable': False, 'install_base': '/home/qubo/mysunny/install/gpio_raspberry', 'merge_install': False, 'path': '/home/qubo/mysunny/src/gpio_raspberry', 'symlink_install': False, 'test_result_base': None}
[0.501s] Level 5:colcon.colcon_core.verb:set package 'image_tcpip' build argument 'cmake_args' from command line to 'None'
[0.501s] Level 5:colcon.colcon_core.verb:set package 'image_tcpip' build argument 'cmake_target' from command line to 'None'
[0.501s] Level 5:colcon.colcon_core.verb:set package 'image_tcpip' build argument 'cmake_target_skip_unavailable' from command line to 'False'
[0.501s] Level 5:colcon.colcon_core.verb:set package 'image_tcpip' build argument 'cmake_clean_cache' from command line to 'False'
[0.501s] Level 5:colcon.colcon_core.verb:set package 'image_tcpip' build argument 'cmake_clean_first' from command line to 'False'
[0.501s] Level 5:colcon.colcon_core.verb:set package 'image_tcpip' build argument 'cmake_force_configure' from command line to 'False'
[0.501s] Level 5:colcon.colcon_core.verb:set package 'image_tcpip' build argument 'ament_cmake_args' from command line to 'None'
[0.501s] Level 5:colcon.colcon_core.verb:set package 'image_tcpip' build argument 'catkin_cmake_args' from command line to 'None'
[0.501s] Level 5:colcon.colcon_core.verb:set package 'image_tcpip' build argument 'catkin_skip_building_tests' from command line to 'False'
[0.501s] DEBUG:colcon.colcon_core.verb:Building package 'image_tcpip' with the following arguments: {'ament_cmake_args': None, 'build_base': '/home/qubo/mysunny/build/image_tcpip', 'catkin_cmake_args': None, 'catkin_skip_building_tests': False, 'cmake_args': None, 'cmake_clean_cache': False, 'cmake_clean_first': False, 'cmake_force_configure': False, 'cmake_target': None, 'cmake_target_skip_unavailable': False, 'install_base': '/home/qubo/mysunny/install/image_tcpip', 'merge_install': False, 'path': '/home/qubo/mysunny/src/image_tcpip', 'symlink_install': False, 'test_result_base': None}
[0.502s] Level 5:colcon.colcon_core.verb:set package 'laser_line_center' build argument 'cmake_args' from command line to 'None'
[0.502s] Level 5:colcon.colcon_core.verb:set package 'laser_line_center' build argument 'cmake_target' from command line to 'None'
[0.502s] Level 5:colcon.colcon_core.verb:set package 'laser_line_center' build argument 'cmake_target_skip_unavailable' from command line to 'False'
[0.502s] Level 5:colcon.colcon_core.verb:set package 'laser_line_center' build argument 'cmake_clean_cache' from command line to 'False'
[0.502s] Level 5:colcon.colcon_core.verb:set package 'laser_line_center' build argument 'cmake_clean_first' from command line to 'False'
[0.502s] Level 5:colcon.colcon_core.verb:set package 'laser_line_center' build argument 'cmake_force_configure' from command line to 'False'
[0.502s] Level 5:colcon.colcon_core.verb:set package 'laser_line_center' build argument 'ament_cmake_args' from command line to 'None'
[0.502s] Level 5:colcon.colcon_core.verb:set package 'laser_line_center' build argument 'catkin_cmake_args' from command line to 'None'
[0.502s] Level 5:colcon.colcon_core.verb:set package 'laser_line_center' build argument 'catkin_skip_building_tests' from command line to 'False'
[0.502s] DEBUG:colcon.colcon_core.verb:Building package 'laser_line_center' with the following arguments: {'ament_cmake_args': None, 'build_base': '/home/qubo/mysunny/build/laser_line_center', 'catkin_cmake_args': None, 'catkin_skip_building_tests': False, 'cmake_args': None, 'cmake_clean_cache': False, 'cmake_clean_first': False, 'cmake_force_configure': False, 'cmake_target': None, 'cmake_target_skip_unavailable': False, 'install_base': '/home/qubo/mysunny/install/laser_line_center', 'merge_install': False, 'path': '/home/qubo/mysunny/src/laser_line_center', 'symlink_install': False, 'test_result_base': None}
[0.503s] Level 5:colcon.colcon_core.verb:set package 'laser_line_filter' build argument 'cmake_args' from command line to 'None'
[0.503s] Level 5:colcon.colcon_core.verb:set package 'laser_line_filter' build argument 'cmake_target' from command line to 'None'
[0.503s] Level 5:colcon.colcon_core.verb:set package 'laser_line_filter' build argument 'cmake_target_skip_unavailable' from command line to 'False'
[0.503s] Level 5:colcon.colcon_core.verb:set package 'laser_line_filter' build argument 'cmake_clean_cache' from command line to 'False'
[0.503s] Level 5:colcon.colcon_core.verb:set package 'laser_line_filter' build argument 'cmake_clean_first' from command line to 'False'
[0.503s] Level 5:colcon.colcon_core.verb:set package 'laser_line_filter' build argument 'cmake_force_configure' from command line to 'False'
[0.503s] Level 5:colcon.colcon_core.verb:set package 'laser_line_filter' build argument 'ament_cmake_args' from command line to 'None'
[0.503s] Level 5:colcon.colcon_core.verb:set package 'laser_line_filter' build argument 'catkin_cmake_args' from command line to 'None'
[0.503s] Level 5:colcon.colcon_core.verb:set package 'laser_line_filter' build argument 'catkin_skip_building_tests' from command line to 'False'
[0.503s] DEBUG:colcon.colcon_core.verb:Building package 'laser_line_filter' with the following arguments: {'ament_cmake_args': None, 'build_base': '/home/qubo/mysunny/build/laser_line_filter', 'catkin_cmake_args': None, 'catkin_skip_building_tests': False, 'cmake_args': None, 'cmake_clean_cache': False, 'cmake_clean_first': False, 'cmake_force_configure': False, 'cmake_target': None, 'cmake_target_skip_unavailable': False, 'install_base': '/home/qubo/mysunny/install/laser_line_filter', 'merge_install': False, 'path': '/home/qubo/mysunny/src/laser_line_filter', 'symlink_install': False, 'test_result_base': None}
[0.503s] Level 5:colcon.colcon_core.verb:set package 'rotate_image' build argument 'cmake_args' from command line to 'None'
[0.504s] Level 5:colcon.colcon_core.verb:set package 'rotate_image' build argument 'cmake_target' from command line to 'None'
[0.504s] Level 5:colcon.colcon_core.verb:set package 'rotate_image' build argument 'cmake_target_skip_unavailable' from command line to 'False'
[0.504s] Level 5:colcon.colcon_core.verb:set package 'rotate_image' build argument 'cmake_clean_cache' from command line to 'False'
[0.504s] Level 5:colcon.colcon_core.verb:set package 'rotate_image' build argument 'cmake_clean_first' from command line to 'False'
[0.504s] Level 5:colcon.colcon_core.verb:set package 'rotate_image' build argument 'cmake_force_configure' from command line to 'False'
[0.504s] Level 5:colcon.colcon_core.verb:set package 'rotate_image' build argument 'ament_cmake_args' from command line to 'None'
[0.504s] Level 5:colcon.colcon_core.verb:set package 'rotate_image' build argument 'catkin_cmake_args' from command line to 'None'
[0.504s] Level 5:colcon.colcon_core.verb:set package 'rotate_image' build argument 'catkin_skip_building_tests' from command line to 'False'
[0.504s] DEBUG:colcon.colcon_core.verb:Building package 'rotate_image' with the following arguments: {'ament_cmake_args': None, 'build_base': '/home/qubo/mysunny/build/rotate_image', 'catkin_cmake_args': None, 'catkin_skip_building_tests': False, 'cmake_args': None, 'cmake_clean_cache': False, 'cmake_clean_first': False, 'cmake_force_configure': False, 'cmake_target': None, 'cmake_target_skip_unavailable': False, 'install_base': '/home/qubo/mysunny/install/rotate_image', 'merge_install': False, 'path': '/home/qubo/mysunny/src/rotate_image', 'symlink_install': False, 'test_result_base': None}
[0.504s] Level 5:colcon.colcon_core.verb:set package 'seam_tracking' build argument 'cmake_args' from command line to 'None'
[0.504s] Level 5:colcon.colcon_core.verb:set package 'seam_tracking' build argument 'cmake_target' from command line to 'None'
[0.504s] Level 5:colcon.colcon_core.verb:set package 'seam_tracking' build argument 'cmake_target_skip_unavailable' from command line to 'False'
[0.504s] Level 5:colcon.colcon_core.verb:set package 'seam_tracking' build argument 'cmake_clean_cache' from command line to 'False'
[0.504s] Level 5:colcon.colcon_core.verb:set package 'seam_tracking' build argument 'cmake_clean_first' from command line to 'False'
[0.504s] Level 5:colcon.colcon_core.verb:set package 'seam_tracking' build argument 'cmake_force_configure' from command line to 'False'
[0.504s] Level 5:colcon.colcon_core.verb:set package 'seam_tracking' build argument 'ament_cmake_args' from command line to 'None'
[0.504s] Level 5:colcon.colcon_core.verb:set package 'seam_tracking' build argument 'catkin_cmake_args' from command line to 'None'
[0.504s] Level 5:colcon.colcon_core.verb:set package 'seam_tracking' build argument 'catkin_skip_building_tests' from command line to 'False'
[0.504s] DEBUG:colcon.colcon_core.verb:Building package 'seam_tracking' with the following arguments: {'ament_cmake_args': None, 'build_base': '/home/qubo/mysunny/build/seam_tracking', 'catkin_cmake_args': None, 'catkin_skip_building_tests': False, 'cmake_args': None, 'cmake_clean_cache': False, 'cmake_clean_first': False, 'cmake_force_configure': False, 'cmake_target': None, 'cmake_target_skip_unavailable': False, 'install_base': '/home/qubo/mysunny/install/seam_tracking', 'merge_install': False, 'path': '/home/qubo/mysunny/src/seam_tracking', 'symlink_install': False, 'test_result_base': None}
[0.505s] Level 5:colcon.colcon_core.verb:set package 'tutorial_interfaces' build argument 'cmake_args' from command line to 'None'
[0.505s] Level 5:colcon.colcon_core.verb:set package 'tutorial_interfaces' build argument 'cmake_target' from command line to 'None'
[0.505s] Level 5:colcon.colcon_core.verb:set package 'tutorial_interfaces' build argument 'cmake_target_skip_unavailable' from command line to 'False'
[0.505s] Level 5:colcon.colcon_core.verb:set package 'tutorial_interfaces' build argument 'cmake_clean_cache' from command line to 'False'
[0.505s] Level 5:colcon.colcon_core.verb:set package 'tutorial_interfaces' build argument 'cmake_clean_first' from command line to 'False'
[0.505s] Level 5:colcon.colcon_core.verb:set package 'tutorial_interfaces' build argument 'cmake_force_configure' from command line to 'False'
[0.505s] Level 5:colcon.colcon_core.verb:set package 'tutorial_interfaces' build argument 'ament_cmake_args' from command line to 'None'
[0.505s] Level 5:colcon.colcon_core.verb:set package 'tutorial_interfaces' build argument 'catkin_cmake_args' from command line to 'None'
[0.505s] Level 5:colcon.colcon_core.verb:set package 'tutorial_interfaces' build argument 'catkin_skip_building_tests' from command line to 'False'
[0.505s] DEBUG:colcon.colcon_core.verb:Building package 'tutorial_interfaces' with the following arguments: {'ament_cmake_args': None, 'build_base': '/home/qubo/mysunny/build/tutorial_interfaces', 'catkin_cmake_args': None, 'catkin_skip_building_tests': False, 'cmake_args': None, 'cmake_clean_cache': False, 'cmake_clean_first': False, 'cmake_force_configure': False, 'cmake_target': None, 'cmake_target_skip_unavailable': False, 'install_base': '/home/qubo/mysunny/install/tutorial_interfaces', 'merge_install': False, 'path': '/home/qubo/mysunny/src/tutorial_interfaces', 'symlink_install': False, 'test_result_base': None}
[0.506s] Level 5:colcon.colcon_core.verb:set package 'camera_test' build argument 'cmake_args' from command line to 'None'
[0.506s] Level 5:colcon.colcon_core.verb:set package 'camera_test' build argument 'cmake_target' from command line to 'None'
[0.506s] Level 5:colcon.colcon_core.verb:set package 'camera_test' build argument 'cmake_target_skip_unavailable' from command line to 'False'
[0.506s] Level 5:colcon.colcon_core.verb:set package 'camera_test' build argument 'cmake_clean_cache' from command line to 'False'
[0.506s] Level 5:colcon.colcon_core.verb:set package 'camera_test' build argument 'cmake_clean_first' from command line to 'False'
[0.506s] Level 5:colcon.colcon_core.verb:set package 'camera_test' build argument 'cmake_force_configure' from command line to 'False'
[0.506s] Level 5:colcon.colcon_core.verb:set package 'camera_test' build argument 'ament_cmake_args' from command line to 'None'
[0.506s] Level 5:colcon.colcon_core.verb:set package 'camera_test' build argument 'catkin_cmake_args' from command line to 'None'
[0.506s] Level 5:colcon.colcon_core.verb:set package 'camera_test' build argument 'catkin_skip_building_tests' from command line to 'False'
[0.506s] DEBUG:colcon.colcon_core.verb:Building package 'camera_test' with the following arguments: {'ament_cmake_args': None, 'build_base': '/home/qubo/mysunny/build/camera_test', 'catkin_cmake_args': None, 'catkin_skip_building_tests': False, 'cmake_args': None, 'cmake_clean_cache': False, 'cmake_clean_first': False, 'cmake_force_configure': False, 'cmake_target': None, 'cmake_target_skip_unavailable': False, 'install_base': '/home/qubo/mysunny/install/camera_test', 'merge_install': False, 'path': '/home/qubo/mysunny/src/camera_test', 'symlink_install': False, 'test_result_base': None}
[0.507s] Level 5:colcon.colcon_core.verb:set package 'camera_tis' build argument 'cmake_args' from command line to 'None'
[0.507s] Level 5:colcon.colcon_core.verb:set package 'camera_tis' build argument 'cmake_target' from command line to 'None'
[0.507s] Level 5:colcon.colcon_core.verb:set package 'camera_tis' build argument 'cmake_target_skip_unavailable' from command line to 'False'
[0.507s] Level 5:colcon.colcon_core.verb:set package 'camera_tis' build argument 'cmake_clean_cache' from command line to 'False'
[0.507s] Level 5:colcon.colcon_core.verb:set package 'camera_tis' build argument 'cmake_clean_first' from command line to 'False'
[0.507s] Level 5:colcon.colcon_core.verb:set package 'camera_tis' build argument 'cmake_force_configure' from command line to 'False'
[0.507s] Level 5:colcon.colcon_core.verb:set package 'camera_tis' build argument 'ament_cmake_args' from command line to 'None'
[0.507s] Level 5:colcon.colcon_core.verb:set package 'camera_tis' build argument 'catkin_cmake_args' from command line to 'None'
[0.507s] Level 5:colcon.colcon_core.verb:set package 'camera_tis' build argument 'catkin_skip_building_tests' from command line to 'False'
[0.507s] DEBUG:colcon.colcon_core.verb:Building package 'camera_tis' with the following arguments: {'ament_cmake_args': None, 'build_base': '/home/qubo/mysunny/build/camera_tis', 'catkin_cmake_args': None, 'catkin_skip_building_tests': False, 'cmake_args': None, 'cmake_clean_cache': False, 'cmake_clean_first': False, 'cmake_force_configure': False, 'cmake_target': None, 'cmake_target_skip_unavailable': False, 'install_base': '/home/qubo/mysunny/install/camera_tis', 'merge_install': False, 'path': '/home/qubo/mysunny/src/camera_tis', 'symlink_install': False, 'test_result_base': None}
[0.507s] Level 5:colcon.colcon_core.verb:set package 'cloud_result_tcpip' build argument 'cmake_args' from command line to 'None'
[0.507s] Level 5:colcon.colcon_core.verb:set package 'cloud_result_tcpip' build argument 'cmake_target' from command line to 'None'
[0.507s] Level 5:colcon.colcon_core.verb:set package 'cloud_result_tcpip' build argument 'cmake_target_skip_unavailable' from command line to 'False'
[0.507s] Level 5:colcon.colcon_core.verb:set package 'cloud_result_tcpip' build argument 'cmake_clean_cache' from command line to 'False'
[0.508s] Level 5:colcon.colcon_core.verb:set package 'cloud_result_tcpip' build argument 'cmake_clean_first' from command line to 'False'
[0.508s] Level 5:colcon.colcon_core.verb:set package 'cloud_result_tcpip' build argument 'cmake_force_configure' from command line to 'False'
[0.508s] Level 5:colcon.colcon_core.verb:set package 'cloud_result_tcpip' build argument 'ament_cmake_args' from command line to 'None'
[0.508s] Level 5:colcon.colcon_core.verb:set package 'cloud_result_tcpip' build argument 'catkin_cmake_args' from command line to 'None'
[0.508s] Level 5:colcon.colcon_core.verb:set package 'cloud_result_tcpip' build argument 'catkin_skip_building_tests' from command line to 'False'
[0.508s] DEBUG:colcon.colcon_core.verb:Building package 'cloud_result_tcpip' with the following arguments: {'ament_cmake_args': None, 'build_base': '/home/qubo/mysunny/build/cloud_result_tcpip', 'catkin_cmake_args': None, 'catkin_skip_building_tests': False, 'cmake_args': None, 'cmake_clean_cache': False, 'cmake_clean_first': False, 'cmake_force_configure': False, 'cmake_target': None, 'cmake_target_skip_unavailable': False, 'install_base': '/home/qubo/mysunny/install/cloud_result_tcpip', 'merge_install': False, 'path': '/home/qubo/mysunny/src/cloud_result_tcpip', 'symlink_install': False, 'test_result_base': None}
[0.508s] Level 5:colcon.colcon_core.verb:set package 'image_result_tcpip' build argument 'cmake_args' from command line to 'None'
[0.508s] Level 5:colcon.colcon_core.verb:set package 'image_result_tcpip' build argument 'cmake_target' from command line to 'None'
[0.508s] Level 5:colcon.colcon_core.verb:set package 'image_result_tcpip' build argument 'cmake_target_skip_unavailable' from command line to 'False'
[0.508s] Level 5:colcon.colcon_core.verb:set package 'image_result_tcpip' build argument 'cmake_clean_cache' from command line to 'False'
[0.508s] Level 5:colcon.colcon_core.verb:set package 'image_result_tcpip' build argument 'cmake_clean_first' from command line to 'False'
[0.508s] Level 5:colcon.colcon_core.verb:set package 'image_result_tcpip' build argument 'cmake_force_configure' from command line to 'False'
[0.508s] Level 5:colcon.colcon_core.verb:set package 'image_result_tcpip' build argument 'ament_cmake_args' from command line to 'None'
[0.508s] Level 5:colcon.colcon_core.verb:set package 'image_result_tcpip' build argument 'catkin_cmake_args' from command line to 'None'
[0.508s] Level 5:colcon.colcon_core.verb:set package 'image_result_tcpip' build argument 'catkin_skip_building_tests' from command line to 'False'
[0.508s] DEBUG:colcon.colcon_core.verb:Building package 'image_result_tcpip' with the following arguments: {'ament_cmake_args': None, 'build_base': '/home/qubo/mysunny/build/image_result_tcpip', 'catkin_cmake_args': None, 'catkin_skip_building_tests': False, 'cmake_args': None, 'cmake_clean_cache': False, 'cmake_clean_first': False, 'cmake_force_configure': False, 'cmake_target': None, 'cmake_target_skip_unavailable': False, 'install_base': '/home/qubo/mysunny/install/image_result_tcpip', 'merge_install': False, 'path': '/home/qubo/mysunny/src/image_result_tcpip', 'symlink_install': False, 'test_result_base': None}
[0.509s] Level 5:colcon.colcon_core.verb:set package 'laser_imagepos' build argument 'cmake_args' from command line to 'None'
[0.509s] Level 5:colcon.colcon_core.verb:set package 'laser_imagepos' build argument 'cmake_target' from command line to 'None'
[0.509s] Level 5:colcon.colcon_core.verb:set package 'laser_imagepos' build argument 'cmake_target_skip_unavailable' from command line to 'False'
[0.509s] Level 5:colcon.colcon_core.verb:set package 'laser_imagepos' build argument 'cmake_clean_cache' from command line to 'False'
[0.509s] Level 5:colcon.colcon_core.verb:set package 'laser_imagepos' build argument 'cmake_clean_first' from command line to 'False'
[0.509s] Level 5:colcon.colcon_core.verb:set package 'laser_imagepos' build argument 'cmake_force_configure' from command line to 'False'
[0.509s] Level 5:colcon.colcon_core.verb:set package 'laser_imagepos' build argument 'ament_cmake_args' from command line to 'None'
[0.509s] Level 5:colcon.colcon_core.verb:set package 'laser_imagepos' build argument 'catkin_cmake_args' from command line to 'None'
[0.509s] Level 5:colcon.colcon_core.verb:set package 'laser_imagepos' build argument 'catkin_skip_building_tests' from command line to 'False'
[0.509s] DEBUG:colcon.colcon_core.verb:Building package 'laser_imagepos' with the following arguments: {'ament_cmake_args': None, 'build_base': '/home/qubo/mysunny/build/laser_imagepos', 'catkin_cmake_args': None, 'catkin_skip_building_tests': False, 'cmake_args': None, 'cmake_clean_cache': False, 'cmake_clean_first': False, 'cmake_force_configure': False, 'cmake_target': None, 'cmake_target_skip_unavailable': False, 'install_base': '/home/qubo/mysunny/install/laser_imagepos', 'merge_install': False, 'path': '/home/qubo/mysunny/src/laser_imagepos', 'symlink_install': False, 'test_result_base': None}
[0.510s] Level 5:colcon.colcon_core.verb:set package 'line_center_reconstruction' build argument 'cmake_args' from command line to 'None'
[0.510s] Level 5:colcon.colcon_core.verb:set package 'line_center_reconstruction' build argument 'cmake_target' from command line to 'None'
[0.510s] Level 5:colcon.colcon_core.verb:set package 'line_center_reconstruction' build argument 'cmake_target_skip_unavailable' from command line to 'False'
[0.510s] Level 5:colcon.colcon_core.verb:set package 'line_center_reconstruction' build argument 'cmake_clean_cache' from command line to 'False'
[0.510s] Level 5:colcon.colcon_core.verb:set package 'line_center_reconstruction' build argument 'cmake_clean_first' from command line to 'False'
[0.510s] Level 5:colcon.colcon_core.verb:set package 'line_center_reconstruction' build argument 'cmake_force_configure' from command line to 'False'
[0.510s] Level 5:colcon.colcon_core.verb:set package 'line_center_reconstruction' build argument 'ament_cmake_args' from command line to 'None'
[0.510s] Level 5:colcon.colcon_core.verb:set package 'line_center_reconstruction' build argument 'catkin_cmake_args' from command line to 'None'
[0.510s] Level 5:colcon.colcon_core.verb:set package 'line_center_reconstruction' build argument 'catkin_skip_building_tests' from command line to 'False'
[0.510s] DEBUG:colcon.colcon_core.verb:Building package 'line_center_reconstruction' with the following arguments: {'ament_cmake_args': None, 'build_base': '/home/qubo/mysunny/build/line_center_reconstruction', 'catkin_cmake_args': None, 'catkin_skip_building_tests': False, 'cmake_args': None, 'cmake_clean_cache': False, 'cmake_clean_first': False, 'cmake_force_configure': False, 'cmake_target': None, 'cmake_target_skip_unavailable': False, 'install_base': '/home/qubo/mysunny/install/line_center_reconstruction', 'merge_install': False, 'path': '/home/qubo/mysunny/src/line_center_reconstruction', 'symlink_install': False, 'test_result_base': None}
[0.511s] Level 5:colcon.colcon_core.verb:set package 'modbus' build argument 'cmake_args' from command line to 'None'
[0.511s] Level 5:colcon.colcon_core.verb:set package 'modbus' build argument 'cmake_target' from command line to 'None'
[0.511s] Level 5:colcon.colcon_core.verb:set package 'modbus' build argument 'cmake_target_skip_unavailable' from command line to 'False'
[0.511s] Level 5:colcon.colcon_core.verb:set package 'modbus' build argument 'cmake_clean_cache' from command line to 'False'
[0.511s] Level 5:colcon.colcon_core.verb:set package 'modbus' build argument 'cmake_clean_first' from command line to 'False'
[0.511s] Level 5:colcon.colcon_core.verb:set package 'modbus' build argument 'cmake_force_configure' from command line to 'False'
[0.511s] Level 5:colcon.colcon_core.verb:set package 'modbus' build argument 'ament_cmake_args' from command line to 'None'
[0.511s] Level 5:colcon.colcon_core.verb:set package 'modbus' build argument 'catkin_cmake_args' from command line to 'None'
[0.511s] Level 5:colcon.colcon_core.verb:set package 'modbus' build argument 'catkin_skip_building_tests' from command line to 'False'
[0.511s] DEBUG:colcon.colcon_core.verb:Building package 'modbus' with the following arguments: {'ament_cmake_args': None, 'build_base': '/home/qubo/mysunny/build/modbus', 'catkin_cmake_args': None, 'catkin_skip_building_tests': False, 'cmake_args': None, 'cmake_clean_cache': False, 'cmake_clean_first': False, 'cmake_force_configure': False, 'cmake_target': None, 'cmake_target_skip_unavailable': False, 'install_base': '/home/qubo/mysunny/install/modbus', 'merge_install': False, 'path': '/home/qubo/mysunny/src/modbus', 'symlink_install': False, 'test_result_base': None}
[0.511s] Level 5:colcon.colcon_core.verb:set package 'my_pclout' build argument 'cmake_args' from command line to 'None'
[0.511s] Level 5:colcon.colcon_core.verb:set package 'my_pclout' build argument 'cmake_target' from command line to 'None'
[0.511s] Level 5:colcon.colcon_core.verb:set package 'my_pclout' build argument 'cmake_target_skip_unavailable' from command line to 'False'
[0.511s] Level 5:colcon.colcon_core.verb:set package 'my_pclout' build argument 'cmake_clean_cache' from command line to 'False'
[0.511s] Level 5:colcon.colcon_core.verb:set package 'my_pclout' build argument 'cmake_clean_first' from command line to 'False'
[0.512s] Level 5:colcon.colcon_core.verb:set package 'my_pclout' build argument 'cmake_force_configure' from command line to 'False'
[0.512s] Level 5:colcon.colcon_core.verb:set package 'my_pclout' build argument 'ament_cmake_args' from command line to 'None'
[0.512s] Level 5:colcon.colcon_core.verb:set package 'my_pclout' build argument 'catkin_cmake_args' from command line to 'None'
[0.512s] Level 5:colcon.colcon_core.verb:set package 'my_pclout' build argument 'catkin_skip_building_tests' from command line to 'False'
[0.512s] DEBUG:colcon.colcon_core.verb:Building package 'my_pclout' with the following arguments: {'ament_cmake_args': None, 'build_base': '/home/qubo/mysunny/build/my_pclout', 'catkin_cmake_args': None, 'catkin_skip_building_tests': False, 'cmake_args': None, 'cmake_clean_cache': False, 'cmake_clean_first': False, 'cmake_force_configure': False, 'cmake_target': None, 'cmake_target_skip_unavailable': False, 'install_base': '/home/qubo/mysunny/install/my_pclout', 'merge_install': False, 'path': '/home/qubo/mysunny/src/my_pclout', 'symlink_install': False, 'test_result_base': None}
[0.512s] Level 5:colcon.colcon_core.verb:set package 'pipeline_tis' build argument 'cmake_args' from command line to 'None'
[0.512s] Level 5:colcon.colcon_core.verb:set package 'pipeline_tis' build argument 'cmake_target' from command line to 'None'
[0.512s] Level 5:colcon.colcon_core.verb:set package 'pipeline_tis' build argument 'cmake_target_skip_unavailable' from command line to 'False'
[0.512s] Level 5:colcon.colcon_core.verb:set package 'pipeline_tis' build argument 'cmake_clean_cache' from command line to 'False'
[0.512s] Level 5:colcon.colcon_core.verb:set package 'pipeline_tis' build argument 'cmake_clean_first' from command line to 'False'
[0.512s] Level 5:colcon.colcon_core.verb:set package 'pipeline_tis' build argument 'cmake_force_configure' from command line to 'False'
[0.512s] Level 5:colcon.colcon_core.verb:set package 'pipeline_tis' build argument 'ament_cmake_args' from command line to 'None'
[0.512s] Level 5:colcon.colcon_core.verb:set package 'pipeline_tis' build argument 'catkin_cmake_args' from command line to 'None'
[0.512s] Level 5:colcon.colcon_core.verb:set package 'pipeline_tis' build argument 'catkin_skip_building_tests' from command line to 'False'
[0.512s] DEBUG:colcon.colcon_core.verb:Building package 'pipeline_tis' with the following arguments: {'ament_cmake_args': None, 'build_base': '/home/qubo/mysunny/build/pipeline_tis', 'catkin_cmake_args': None, 'catkin_skip_building_tests': False, 'cmake_args': None, 'cmake_clean_cache': False, 'cmake_clean_first': False, 'cmake_force_configure': False, 'cmake_target': None, 'cmake_target_skip_unavailable': False, 'install_base': '/home/qubo/mysunny/install/pipeline_tis', 'merge_install': False, 'path': '/home/qubo/mysunny/src/pipeline_tis', 'symlink_install': False, 'test_result_base': None}
[0.513s] INFO:colcon.colcon_core.executor:Executing jobs using 'sequential' executor
[0.514s] DEBUG:colcon.colcon_core.executor.sequential:run_until_complete 'config_tis'
[0.514s] INFO:colcon.colcon_ros.task.ament_python.build:Building ROS package in '/home/qubo/mysunny/src/config_tis' with build type 'ament_python'
[0.514s] Level 1:colcon.colcon_core.shell:create_environment_hook('config_tis', 'ament_prefix_path')
[0.517s] INFO:colcon.colcon_core.plugin_system:Skipping extension 'colcon_core.shell.bat': Not used on non-Windows systems
[0.517s] INFO:colcon.colcon_core.shell:Creating environment descriptor '/home/qubo/mysunny/install/config_tis/share/config_tis/hook/ament_prefix_path.dsv'
[0.518s] INFO:colcon.colcon_core.shell:Creating environment hook '/home/qubo/mysunny/install/config_tis/share/config_tis/hook/ament_prefix_path.sh'
[0.519s] DEBUG:colcon.colcon_core.shell:Skip shell extension 'dsv' for command environment
[0.732s] INFO:colcon.colcon_core.task.python.build:Building Python package in '/home/qubo/mysunny/src/config_tis'
[0.734s] DEBUG:colcon.colcon_core.shell:Skip shell extension 'dsv' for command environment
[1.258s] DEBUG:colcon.colcon_core.event_handler.log_command:Invoking command in '/home/qubo/mysunny/src/config_tis': PYTHONPATH=/home/qubo/mysunny/build/config_tis/prefix_override:/home/qubo/mysunny/install/config_tis/lib/python3.8/site-packages:${PYTHONPATH} /usr/bin/python3 setup.py egg_info --egg-base ../../build/config_tis build --build-base /home/qubo/mysunny/build/config_tis/build install --record /home/qubo/mysunny/build/config_tis/install.log --single-version-externally-managed
[1.509s] DEBUG:colcon.colcon_core.event_handler.log_command:Invoked command in '/home/qubo/mysunny/src/config_tis' returned '0': PYTHONPATH=/home/qubo/mysunny/build/config_tis/prefix_override:/home/qubo/mysunny/install/config_tis/lib/python3.8/site-packages:${PYTHONPATH} /usr/bin/python3 setup.py egg_info --egg-base ../../build/config_tis build --build-base /home/qubo/mysunny/build/config_tis/build install --record /home/qubo/mysunny/build/config_tis/install.log --single-version-externally-managed
[1.517s] Level 1:colcon.colcon_core.environment:checking '/home/qubo/mysunny/install/config_tis' for CMake module files
[1.518s] Level 1:colcon.colcon_core.environment:checking '/home/qubo/mysunny/install/config_tis' for CMake config files
[1.518s] Level 1:colcon.colcon_core.environment:checking '/home/qubo/mysunny/install/config_tis/lib'
[1.518s] Level 1:colcon.colcon_core.environment:checking '/home/qubo/mysunny/install/config_tis/bin'
[1.518s] Level 1:colcon.colcon_core.environment:checking '/home/qubo/mysunny/install/config_tis/lib/pkgconfig/config_tis.pc'
[1.518s] Level 1:colcon.colcon_core.environment:checking '/home/qubo/mysunny/install/config_tis/lib/python3.8/site-packages'
[1.518s] Level 1:colcon.colcon_core.shell:create_environment_hook('config_tis', 'pythonpath')
[1.519s] INFO:colcon.colcon_core.shell:Creating environment descriptor '/home/qubo/mysunny/install/config_tis/share/config_tis/hook/pythonpath.dsv'
[1.523s] INFO:colcon.colcon_core.shell:Creating environment hook '/home/qubo/mysunny/install/config_tis/share/config_tis/hook/pythonpath.sh'
[1.523s] Level 1:colcon.colcon_core.environment:checking '/home/qubo/mysunny/install/config_tis/bin'
[1.524s] Level 1:colcon.colcon_core.environment:create_environment_scripts_only(config_tis)
[1.524s] INFO:colcon.colcon_core.shell:Creating package descriptor '/home/qubo/mysunny/install/config_tis/share/config_tis/package.dsv'
[1.525s] INFO:colcon.colcon_core.shell:Creating package script '/home/qubo/mysunny/install/config_tis/share/config_tis/package.sh'
[1.526s] Level 1:colcon.colcon_core.environment:create_file_with_runtime_dependencies(/home/qubo/mysunny/install/config_tis/share/colcon-core/packages/config_tis)
[1.526s] DEBUG:colcon.colcon_core.executor.sequential:run_until_complete 'config_tis' finished with '0'
[1.526s] DEBUG:colcon.colcon_core.executor.sequential:run_until_complete 'gpio_raspberry'
[1.526s] INFO:colcon.colcon_ros.task.ament_cmake.build:Building ROS package in '/home/qubo/mysunny/src/gpio_raspberry' with build type 'ament_cmake'
[1.526s] INFO:colcon.colcon_cmake.task.cmake.build:Building CMake package in '/home/qubo/mysunny/src/gpio_raspberry'
[1.527s] DEBUG:colcon.colcon_core.shell:Skip shell extension 'dsv' for command environment
[1.539s] DEBUG:colcon.colcon_core.event_handler.log_command:Invoking command in '/home/qubo/mysunny/build/gpio_raspberry': CMAKE_PREFIX_PATH=${CMAKE_PREFIX_PATH}:/home/qubo/mysunny/install/seam_tracking:/home/qubo/mysunny/install/config_tis:/home/qubo/myRos2test/install/learning_urdf:/home/qubo/myRos2test/install/learning_topic:/home/qubo/myRos2test/install/learning_tf:/home/qubo/myRos2test/install/learning_service:/home/qubo/myRos2test/install/learning_qos:/home/qubo/myRos2test/install/learning_pkg_python:/home/qubo/myRos2test/install/learning_parameter:/home/qubo/myRos2test/install/learning_node:/home/qubo/myRos2test/install/learning_launch:/home/qubo/myRos2test/install/learning_action:/home/qubo/myRos2test/install/learning_gazebo:/opt/ros/galactic /usr/bin/cmake --build /home/qubo/mysunny/build/gpio_raspberry -- -j4 -l4
[1.670s] DEBUG:colcon.colcon_core.event_handler.log_command:Invoked command in '/home/qubo/mysunny/build/gpio_raspberry' returned '0': CMAKE_PREFIX_PATH=${CMAKE_PREFIX_PATH}:/home/qubo/mysunny/install/seam_tracking:/home/qubo/mysunny/install/config_tis:/home/qubo/myRos2test/install/learning_urdf:/home/qubo/myRos2test/install/learning_topic:/home/qubo/myRos2test/install/learning_tf:/home/qubo/myRos2test/install/learning_service:/home/qubo/myRos2test/install/learning_qos:/home/qubo/myRos2test/install/learning_pkg_python:/home/qubo/myRos2test/install/learning_parameter:/home/qubo/myRos2test/install/learning_node:/home/qubo/myRos2test/install/learning_launch:/home/qubo/myRos2test/install/learning_action:/home/qubo/myRos2test/install/learning_gazebo:/opt/ros/galactic /usr/bin/cmake --build /home/qubo/mysunny/build/gpio_raspberry -- -j4 -l4
[1.719s] DEBUG:colcon.colcon_core.event_handler.log_command:Invoking command in '/home/qubo/mysunny/build/gpio_raspberry': CMAKE_PREFIX_PATH=${CMAKE_PREFIX_PATH}:/home/qubo/mysunny/install/seam_tracking:/home/qubo/mysunny/install/config_tis:/home/qubo/myRos2test/install/learning_urdf:/home/qubo/myRos2test/install/learning_topic:/home/qubo/myRos2test/install/learning_tf:/home/qubo/myRos2test/install/learning_service:/home/qubo/myRos2test/install/learning_qos:/home/qubo/myRos2test/install/learning_pkg_python:/home/qubo/myRos2test/install/learning_parameter:/home/qubo/myRos2test/install/learning_node:/home/qubo/myRos2test/install/learning_launch:/home/qubo/myRos2test/install/learning_action:/home/qubo/myRos2test/install/learning_gazebo:/opt/ros/galactic /usr/bin/cmake --install /home/qubo/mysunny/build/gpio_raspberry
[1.740s] Level 1:colcon.colcon_core.environment:create_environment_scripts_only(gpio_raspberry)
[1.743s] Level 1:colcon.colcon_core.environment:checking '/home/qubo/mysunny/install/gpio_raspberry' for CMake module files
[1.743s] DEBUG:colcon.colcon_core.event_handler.log_command:Invoked command in '/home/qubo/mysunny/build/gpio_raspberry' returned '0': CMAKE_PREFIX_PATH=${CMAKE_PREFIX_PATH}:/home/qubo/mysunny/install/seam_tracking:/home/qubo/mysunny/install/config_tis:/home/qubo/myRos2test/install/learning_urdf:/home/qubo/myRos2test/install/learning_topic:/home/qubo/myRos2test/install/learning_tf:/home/qubo/myRos2test/install/learning_service:/home/qubo/myRos2test/install/learning_qos:/home/qubo/myRos2test/install/learning_pkg_python:/home/qubo/myRos2test/install/learning_parameter:/home/qubo/myRos2test/install/learning_node:/home/qubo/myRos2test/install/learning_launch:/home/qubo/myRos2test/install/learning_action:/home/qubo/myRos2test/install/learning_gazebo:/opt/ros/galactic /usr/bin/cmake --install /home/qubo/mysunny/build/gpio_raspberry
[1.744s] Level 1:colcon.colcon_core.environment:checking '/home/qubo/mysunny/install/gpio_raspberry' for CMake config files
[1.744s] Level 1:colcon.colcon_core.shell:create_environment_hook('gpio_raspberry', 'cmake_prefix_path')
[1.745s] INFO:colcon.colcon_core.shell:Creating environment descriptor '/home/qubo/mysunny/install/gpio_raspberry/share/gpio_raspberry/hook/cmake_prefix_path.dsv'
[1.746s] INFO:colcon.colcon_core.shell:Creating environment hook '/home/qubo/mysunny/install/gpio_raspberry/share/gpio_raspberry/hook/cmake_prefix_path.sh'
[1.747s] Level 1:colcon.colcon_core.environment:checking '/home/qubo/mysunny/install/gpio_raspberry/lib'
[1.747s] Level 1:colcon.colcon_core.shell:create_environment_hook('gpio_raspberry', 'ld_library_path_lib')
[1.748s] INFO:colcon.colcon_core.shell:Creating environment descriptor '/home/qubo/mysunny/install/gpio_raspberry/share/gpio_raspberry/hook/ld_library_path_lib.dsv'
[1.749s] INFO:colcon.colcon_core.shell:Creating environment hook '/home/qubo/mysunny/install/gpio_raspberry/share/gpio_raspberry/hook/ld_library_path_lib.sh'
[1.749s] Level 1:colcon.colcon_core.environment:checking '/home/qubo/mysunny/install/gpio_raspberry/bin'
[1.749s] Level 1:colcon.colcon_core.environment:checking '/home/qubo/mysunny/install/gpio_raspberry/lib/pkgconfig/gpio_raspberry.pc'
[1.749s] Level 1:colcon.colcon_core.environment:checking '/home/qubo/mysunny/install/gpio_raspberry/lib/python3.8/site-packages'
[1.749s] Level 1:colcon.colcon_core.environment:checking '/home/qubo/mysunny/install/gpio_raspberry/bin'
[1.750s] INFO:colcon.colcon_core.shell:Creating package descriptor '/home/qubo/mysunny/install/gpio_raspberry/share/gpio_raspberry/package.dsv'
[1.751s] INFO:colcon.colcon_core.shell:Creating package script '/home/qubo/mysunny/install/gpio_raspberry/share/gpio_raspberry/package.sh'
[1.751s] Level 1:colcon.colcon_core.environment:create_file_with_runtime_dependencies(/home/qubo/mysunny/install/gpio_raspberry/share/colcon-core/packages/gpio_raspberry)
[1.784s] Level 1:colcon.colcon_core.environment:create_environment_scripts_only(gpio_raspberry)
[1.785s] Level 1:colcon.colcon_core.environment:checking '/home/qubo/mysunny/install/gpio_raspberry' for CMake module files
[1.786s] Level 1:colcon.colcon_core.environment:checking '/home/qubo/mysunny/install/gpio_raspberry' for CMake config files
[1.786s] Level 1:colcon.colcon_core.shell:create_environment_hook('gpio_raspberry', 'cmake_prefix_path')
[1.787s] INFO:colcon.colcon_core.shell:Creating environment descriptor '/home/qubo/mysunny/install/gpio_raspberry/share/gpio_raspberry/hook/cmake_prefix_path.dsv'
[1.788s] INFO:colcon.colcon_core.shell:Creating environment hook '/home/qubo/mysunny/install/gpio_raspberry/share/gpio_raspberry/hook/cmake_prefix_path.sh'
[1.789s] Level 1:colcon.colcon_core.environment:checking '/home/qubo/mysunny/install/gpio_raspberry/lib'
[1.789s] Level 1:colcon.colcon_core.shell:create_environment_hook('gpio_raspberry', 'ld_library_path_lib')
[1.790s] INFO:colcon.colcon_core.shell:Creating environment descriptor '/home/qubo/mysunny/install/gpio_raspberry/share/gpio_raspberry/hook/ld_library_path_lib.dsv'
[1.791s] INFO:colcon.colcon_core.shell:Creating environment hook '/home/qubo/mysunny/install/gpio_raspberry/share/gpio_raspberry/hook/ld_library_path_lib.sh'
[1.792s] Level 1:colcon.colcon_core.environment:checking '/home/qubo/mysunny/install/gpio_raspberry/bin'
[1.792s] Level 1:colcon.colcon_core.environment:checking '/home/qubo/mysunny/install/gpio_raspberry/lib/pkgconfig/gpio_raspberry.pc'
[1.792s] Level 1:colcon.colcon_core.environment:checking '/home/qubo/mysunny/install/gpio_raspberry/lib/python3.8/site-packages'
[1.792s] Level 1:colcon.colcon_core.environment:checking '/home/qubo/mysunny/install/gpio_raspberry/bin'
[1.793s] INFO:colcon.colcon_core.shell:Creating package descriptor '/home/qubo/mysunny/install/gpio_raspberry/share/gpio_raspberry/package.dsv'
[1.794s] INFO:colcon.colcon_core.shell:Creating package script '/home/qubo/mysunny/install/gpio_raspberry/share/gpio_raspberry/package.sh'
[1.795s] Level 1:colcon.colcon_core.environment:create_file_with_runtime_dependencies(/home/qubo/mysunny/install/gpio_raspberry/share/colcon-core/packages/gpio_raspberry)
[1.795s] DEBUG:colcon.colcon_core.executor.sequential:run_until_complete 'gpio_raspberry' finished with '0'
[1.795s] DEBUG:colcon.colcon_core.executor.sequential:run_until_complete 'image_tcpip'
[1.795s] INFO:colcon.colcon_ros.task.ament_cmake.build:Building ROS package in '/home/qubo/mysunny/src/image_tcpip' with build type 'ament_cmake'
[1.796s] INFO:colcon.colcon_cmake.task.cmake.build:Building CMake package in '/home/qubo/mysunny/src/image_tcpip'
[1.798s] DEBUG:colcon.colcon_core.shell:Skip shell extension 'dsv' for command environment
[1.815s] DEBUG:colcon.colcon_core.event_handler.log_command:Invoking command in '/home/qubo/mysunny/build/image_tcpip': CMAKE_PREFIX_PATH=${CMAKE_PREFIX_PATH}:/home/qubo/mysunny/install/seam_tracking:/home/qubo/mysunny/install/config_tis:/home/qubo/myRos2test/install/learning_urdf:/home/qubo/myRos2test/install/learning_topic:/home/qubo/myRos2test/install/learning_tf:/home/qubo/myRos2test/install/learning_service:/home/qubo/myRos2test/install/learning_qos:/home/qubo/myRos2test/install/learning_pkg_python:/home/qubo/myRos2test/install/learning_parameter:/home/qubo/myRos2test/install/learning_node:/home/qubo/myRos2test/install/learning_launch:/home/qubo/myRos2test/install/learning_action:/home/qubo/myRos2test/install/learning_gazebo:/opt/ros/galactic /usr/bin/cmake --build /home/qubo/mysunny/build/image_tcpip -- -j4 -l4
[1.914s] DEBUG:colcon.colcon_core.event_handler.log_command:Invoked command in '/home/qubo/mysunny/build/image_tcpip' returned '0': CMAKE_PREFIX_PATH=${CMAKE_PREFIX_PATH}:/home/qubo/mysunny/install/seam_tracking:/home/qubo/mysunny/install/config_tis:/home/qubo/myRos2test/install/learning_urdf:/home/qubo/myRos2test/install/learning_topic:/home/qubo/myRos2test/install/learning_tf:/home/qubo/myRos2test/install/learning_service:/home/qubo/myRos2test/install/learning_qos:/home/qubo/myRos2test/install/learning_pkg_python:/home/qubo/myRos2test/install/learning_parameter:/home/qubo/myRos2test/install/learning_node:/home/qubo/myRos2test/install/learning_launch:/home/qubo/myRos2test/install/learning_action:/home/qubo/myRos2test/install/learning_gazebo:/opt/ros/galactic /usr/bin/cmake --build /home/qubo/mysunny/build/image_tcpip -- -j4 -l4
[1.952s] DEBUG:colcon.colcon_core.event_handler.log_command:Invoking command in '/home/qubo/mysunny/build/image_tcpip': CMAKE_PREFIX_PATH=${CMAKE_PREFIX_PATH}:/home/qubo/mysunny/install/seam_tracking:/home/qubo/mysunny/install/config_tis:/home/qubo/myRos2test/install/learning_urdf:/home/qubo/myRos2test/install/learning_topic:/home/qubo/myRos2test/install/learning_tf:/home/qubo/myRos2test/install/learning_service:/home/qubo/myRos2test/install/learning_qos:/home/qubo/myRos2test/install/learning_pkg_python:/home/qubo/myRos2test/install/learning_parameter:/home/qubo/myRos2test/install/learning_node:/home/qubo/myRos2test/install/learning_launch:/home/qubo/myRos2test/install/learning_action:/home/qubo/myRos2test/install/learning_gazebo:/opt/ros/galactic /usr/bin/cmake --install /home/qubo/mysunny/build/image_tcpip
[1.968s] Level 1:colcon.colcon_core.environment:create_environment_scripts_only(image_tcpip)
[1.970s] Level 1:colcon.colcon_core.environment:checking '/home/qubo/mysunny/install/image_tcpip' for CMake module files
[1.970s] Level 1:colcon.colcon_core.environment:checking '/home/qubo/mysunny/install/image_tcpip' for CMake config files
[1.970s] Level 1:colcon.colcon_core.shell:create_environment_hook('image_tcpip', 'cmake_prefix_path')
[1.971s] INFO:colcon.colcon_core.shell:Creating environment descriptor '/home/qubo/mysunny/install/image_tcpip/share/image_tcpip/hook/cmake_prefix_path.dsv'
[1.971s] INFO:colcon.colcon_core.shell:Creating environment hook '/home/qubo/mysunny/install/image_tcpip/share/image_tcpip/hook/cmake_prefix_path.sh'
[1.972s] DEBUG:colcon.colcon_core.event_handler.log_command:Invoked command in '/home/qubo/mysunny/build/image_tcpip' returned '0': CMAKE_PREFIX_PATH=${CMAKE_PREFIX_PATH}:/home/qubo/mysunny/install/seam_tracking:/home/qubo/mysunny/install/config_tis:/home/qubo/myRos2test/install/learning_urdf:/home/qubo/myRos2test/install/learning_topic:/home/qubo/myRos2test/install/learning_tf:/home/qubo/myRos2test/install/learning_service:/home/qubo/myRos2test/install/learning_qos:/home/qubo/myRos2test/install/learning_pkg_python:/home/qubo/myRos2test/install/learning_parameter:/home/qubo/myRos2test/install/learning_node:/home/qubo/myRos2test/install/learning_launch:/home/qubo/myRos2test/install/learning_action:/home/qubo/myRos2test/install/learning_gazebo:/opt/ros/galactic /usr/bin/cmake --install /home/qubo/mysunny/build/image_tcpip
[1.973s] Level 1:colcon.colcon_core.environment:checking '/home/qubo/mysunny/install/image_tcpip/lib'
[1.973s] Level 1:colcon.colcon_core.shell:create_environment_hook('image_tcpip', 'ld_library_path_lib')
[1.974s] INFO:colcon.colcon_core.shell:Creating environment descriptor '/home/qubo/mysunny/install/image_tcpip/share/image_tcpip/hook/ld_library_path_lib.dsv'
[1.974s] INFO:colcon.colcon_core.shell:Creating environment hook '/home/qubo/mysunny/install/image_tcpip/share/image_tcpip/hook/ld_library_path_lib.sh'
[1.975s] Level 1:colcon.colcon_core.environment:checking '/home/qubo/mysunny/install/image_tcpip/bin'
[1.975s] Level 1:colcon.colcon_core.environment:checking '/home/qubo/mysunny/install/image_tcpip/lib/pkgconfig/image_tcpip.pc'
[1.976s] Level 1:colcon.colcon_core.environment:checking '/home/qubo/mysunny/install/image_tcpip/lib/python3.8/site-packages'
[1.976s] Level 1:colcon.colcon_core.environment:checking '/home/qubo/mysunny/install/image_tcpip/bin'
[1.977s] INFO:colcon.colcon_core.shell:Creating package descriptor '/home/qubo/mysunny/install/image_tcpip/share/image_tcpip/package.dsv'
[1.977s] INFO:colcon.colcon_core.shell:Creating package script '/home/qubo/mysunny/install/image_tcpip/share/image_tcpip/package.sh'
[1.978s] Level 1:colcon.colcon_core.environment:create_file_with_runtime_dependencies(/home/qubo/mysunny/install/image_tcpip/share/colcon-core/packages/image_tcpip)
[2.024s] Level 1:colcon.colcon_core.environment:create_environment_scripts_only(image_tcpip)
[2.026s] Level 1:colcon.colcon_core.environment:checking '/home/qubo/mysunny/install/image_tcpip' for CMake module files
[2.026s] Level 1:colcon.colcon_core.environment:checking '/home/qubo/mysunny/install/image_tcpip' for CMake config files
[2.026s] Level 1:colcon.colcon_core.shell:create_environment_hook('image_tcpip', 'cmake_prefix_path')
[2.027s] INFO:colcon.colcon_core.shell:Creating environment descriptor '/home/qubo/mysunny/install/image_tcpip/share/image_tcpip/hook/cmake_prefix_path.dsv'
[2.027s] INFO:colcon.colcon_core.shell:Creating environment hook '/home/qubo/mysunny/install/image_tcpip/share/image_tcpip/hook/cmake_prefix_path.sh'
[2.028s] Level 1:colcon.colcon_core.environment:checking '/home/qubo/mysunny/install/image_tcpip/lib'
[2.028s] Level 1:colcon.colcon_core.shell:create_environment_hook('image_tcpip', 'ld_library_path_lib')
[2.029s] INFO:colcon.colcon_core.shell:Creating environment descriptor '/home/qubo/mysunny/install/image_tcpip/share/image_tcpip/hook/ld_library_path_lib.dsv'
[2.029s] INFO:colcon.colcon_core.shell:Creating environment hook '/home/qubo/mysunny/install/image_tcpip/share/image_tcpip/hook/ld_library_path_lib.sh'
[2.029s] Level 1:colcon.colcon_core.environment:checking '/home/qubo/mysunny/install/image_tcpip/bin'
[2.029s] Level 1:colcon.colcon_core.environment:checking '/home/qubo/mysunny/install/image_tcpip/lib/pkgconfig/image_tcpip.pc'
[2.029s] Level 1:colcon.colcon_core.environment:checking '/home/qubo/mysunny/install/image_tcpip/lib/python3.8/site-packages'
[2.030s] Level 1:colcon.colcon_core.environment:checking '/home/qubo/mysunny/install/image_tcpip/bin'
[2.030s] INFO:colcon.colcon_core.shell:Creating package descriptor '/home/qubo/mysunny/install/image_tcpip/share/image_tcpip/package.dsv'
[2.031s] INFO:colcon.colcon_core.shell:Creating package script '/home/qubo/mysunny/install/image_tcpip/share/image_tcpip/package.sh'
[2.031s] Level 1:colcon.colcon_core.environment:create_file_with_runtime_dependencies(/home/qubo/mysunny/install/image_tcpip/share/colcon-core/packages/image_tcpip)
[2.031s] DEBUG:colcon.colcon_core.executor.sequential:run_until_complete 'image_tcpip' finished with '0'
[2.031s] DEBUG:colcon.colcon_core.executor.sequential:run_until_complete 'laser_line_center'
[2.031s] INFO:colcon.colcon_ros.task.ament_cmake.build:Building ROS package in '/home/qubo/mysunny/src/laser_line_center' with build type 'ament_cmake'
[2.031s] INFO:colcon.colcon_cmake.task.cmake.build:Building CMake package in '/home/qubo/mysunny/src/laser_line_center'
[2.032s] DEBUG:colcon.colcon_core.shell:Skip shell extension 'dsv' for command environment
[2.046s] DEBUG:colcon.colcon_core.event_handler.log_command:Invoking command in '/home/qubo/mysunny/build/laser_line_center': CMAKE_PREFIX_PATH=${CMAKE_PREFIX_PATH}:/home/qubo/mysunny/install/seam_tracking:/home/qubo/mysunny/install/config_tis:/home/qubo/myRos2test/install/learning_urdf:/home/qubo/myRos2test/install/learning_topic:/home/qubo/myRos2test/install/learning_tf:/home/qubo/myRos2test/install/learning_service:/home/qubo/myRos2test/install/learning_qos:/home/qubo/myRos2test/install/learning_pkg_python:/home/qubo/myRos2test/install/learning_parameter:/home/qubo/myRos2test/install/learning_node:/home/qubo/myRos2test/install/learning_launch:/home/qubo/myRos2test/install/learning_action:/home/qubo/myRos2test/install/learning_gazebo:/opt/ros/galactic /usr/bin/cmake --build /home/qubo/mysunny/build/laser_line_center -- -j4 -l4
[2.200s] DEBUG:colcon.colcon_core.event_handler.log_command:Invoked command in '/home/qubo/mysunny/build/laser_line_center' returned '0': CMAKE_PREFIX_PATH=${CMAKE_PREFIX_PATH}:/home/qubo/mysunny/install/seam_tracking:/home/qubo/mysunny/install/config_tis:/home/qubo/myRos2test/install/learning_urdf:/home/qubo/myRos2test/install/learning_topic:/home/qubo/myRos2test/install/learning_tf:/home/qubo/myRos2test/install/learning_service:/home/qubo/myRos2test/install/learning_qos:/home/qubo/myRos2test/install/learning_pkg_python:/home/qubo/myRos2test/install/learning_parameter:/home/qubo/myRos2test/install/learning_node:/home/qubo/myRos2test/install/learning_launch:/home/qubo/myRos2test/install/learning_action:/home/qubo/myRos2test/install/learning_gazebo:/opt/ros/galactic /usr/bin/cmake --build /home/qubo/mysunny/build/laser_line_center -- -j4 -l4
[2.240s] DEBUG:colcon.colcon_core.event_handler.log_command:Invoking command in '/home/qubo/mysunny/build/laser_line_center': CMAKE_PREFIX_PATH=${CMAKE_PREFIX_PATH}:/home/qubo/mysunny/install/seam_tracking:/home/qubo/mysunny/install/config_tis:/home/qubo/myRos2test/install/learning_urdf:/home/qubo/myRos2test/install/learning_topic:/home/qubo/myRos2test/install/learning_tf:/home/qubo/myRos2test/install/learning_service:/home/qubo/myRos2test/install/learning_qos:/home/qubo/myRos2test/install/learning_pkg_python:/home/qubo/myRos2test/install/learning_parameter:/home/qubo/myRos2test/install/learning_node:/home/qubo/myRos2test/install/learning_launch:/home/qubo/myRos2test/install/learning_action:/home/qubo/myRos2test/install/learning_gazebo:/opt/ros/galactic /usr/bin/cmake --install /home/qubo/mysunny/build/laser_line_center
[2.264s] Level 1:colcon.colcon_core.environment:create_environment_scripts_only(laser_line_center)
[2.266s] Level 1:colcon.colcon_core.environment:checking '/home/qubo/mysunny/install/laser_line_center' for CMake module files
[2.266s] DEBUG:colcon.colcon_core.event_handler.log_command:Invoked command in '/home/qubo/mysunny/build/laser_line_center' returned '0': CMAKE_PREFIX_PATH=${CMAKE_PREFIX_PATH}:/home/qubo/mysunny/install/seam_tracking:/home/qubo/mysunny/install/config_tis:/home/qubo/myRos2test/install/learning_urdf:/home/qubo/myRos2test/install/learning_topic:/home/qubo/myRos2test/install/learning_tf:/home/qubo/myRos2test/install/learning_service:/home/qubo/myRos2test/install/learning_qos:/home/qubo/myRos2test/install/learning_pkg_python:/home/qubo/myRos2test/install/learning_parameter:/home/qubo/myRos2test/install/learning_node:/home/qubo/myRos2test/install/learning_launch:/home/qubo/myRos2test/install/learning_action:/home/qubo/myRos2test/install/learning_gazebo:/opt/ros/galactic /usr/bin/cmake --install /home/qubo/mysunny/build/laser_line_center
[2.267s] Level 1:colcon.colcon_core.environment:checking '/home/qubo/mysunny/install/laser_line_center' for CMake config files
[2.267s] Level 1:colcon.colcon_core.shell:create_environment_hook('laser_line_center', 'cmake_prefix_path')
[2.268s] INFO:colcon.colcon_core.shell:Creating environment descriptor '/home/qubo/mysunny/install/laser_line_center/share/laser_line_center/hook/cmake_prefix_path.dsv'
[2.268s] INFO:colcon.colcon_core.shell:Creating environment hook '/home/qubo/mysunny/install/laser_line_center/share/laser_line_center/hook/cmake_prefix_path.sh'
[2.269s] Level 1:colcon.colcon_core.environment:checking '/home/qubo/mysunny/install/laser_line_center/lib'
[2.269s] Level 1:colcon.colcon_core.shell:create_environment_hook('laser_line_center', 'ld_library_path_lib')
[2.269s] INFO:colcon.colcon_core.shell:Creating environment descriptor '/home/qubo/mysunny/install/laser_line_center/share/laser_line_center/hook/ld_library_path_lib.dsv'
[2.270s] INFO:colcon.colcon_core.shell:Creating environment hook '/home/qubo/mysunny/install/laser_line_center/share/laser_line_center/hook/ld_library_path_lib.sh'
[2.270s] Level 1:colcon.colcon_core.environment:checking '/home/qubo/mysunny/install/laser_line_center/bin'
[2.271s] Level 1:colcon.colcon_core.environment:checking '/home/qubo/mysunny/install/laser_line_center/lib/pkgconfig/laser_line_center.pc'
[2.271s] Level 1:colcon.colcon_core.environment:checking '/home/qubo/mysunny/install/laser_line_center/lib/python3.8/site-packages'
[2.271s] Level 1:colcon.colcon_core.environment:checking '/home/qubo/mysunny/install/laser_line_center/bin'
[2.273s] INFO:colcon.colcon_core.shell:Creating package descriptor '/home/qubo/mysunny/install/laser_line_center/share/laser_line_center/package.dsv'
[2.274s] INFO:colcon.colcon_core.shell:Creating package script '/home/qubo/mysunny/install/laser_line_center/share/laser_line_center/package.sh'
[2.274s] Level 1:colcon.colcon_core.environment:create_file_with_runtime_dependencies(/home/qubo/mysunny/install/laser_line_center/share/colcon-core/packages/laser_line_center)
[2.317s] Level 1:colcon.colcon_core.environment:create_environment_scripts_only(laser_line_center)
[2.319s] Level 1:colcon.colcon_core.environment:checking '/home/qubo/mysunny/install/laser_line_center' for CMake module files
[2.319s] Level 1:colcon.colcon_core.environment:checking '/home/qubo/mysunny/install/laser_line_center' for CMake config files
[2.320s] Level 1:colcon.colcon_core.shell:create_environment_hook('laser_line_center', 'cmake_prefix_path')
[2.320s] INFO:colcon.colcon_core.shell:Creating environment descriptor '/home/qubo/mysunny/install/laser_line_center/share/laser_line_center/hook/cmake_prefix_path.dsv'
[2.321s] INFO:colcon.colcon_core.shell:Creating environment hook '/home/qubo/mysunny/install/laser_line_center/share/laser_line_center/hook/cmake_prefix_path.sh'
[2.323s] Level 1:colcon.colcon_core.environment:checking '/home/qubo/mysunny/install/laser_line_center/lib'
[2.323s] Level 1:colcon.colcon_core.shell:create_environment_hook('laser_line_center', 'ld_library_path_lib')
[2.324s] INFO:colcon.colcon_core.shell:Creating environment descriptor '/home/qubo/mysunny/install/laser_line_center/share/laser_line_center/hook/ld_library_path_lib.dsv'
[2.324s] INFO:colcon.colcon_core.shell:Creating environment hook '/home/qubo/mysunny/install/laser_line_center/share/laser_line_center/hook/ld_library_path_lib.sh'
[2.324s] Level 1:colcon.colcon_core.environment:checking '/home/qubo/mysunny/install/laser_line_center/bin'
[2.324s] Level 1:colcon.colcon_core.environment:checking '/home/qubo/mysunny/install/laser_line_center/lib/pkgconfig/laser_line_center.pc'
[2.324s] Level 1:colcon.colcon_core.environment:checking '/home/qubo/mysunny/install/laser_line_center/lib/python3.8/site-packages'
[2.324s] Level 1:colcon.colcon_core.environment:checking '/home/qubo/mysunny/install/laser_line_center/bin'
[2.325s] INFO:colcon.colcon_core.shell:Creating package descriptor '/home/qubo/mysunny/install/laser_line_center/share/laser_line_center/package.dsv'
[2.325s] INFO:colcon.colcon_core.shell:Creating package script '/home/qubo/mysunny/install/laser_line_center/share/laser_line_center/package.sh'
[2.326s] Level 1:colcon.colcon_core.environment:create_file_with_runtime_dependencies(/home/qubo/mysunny/install/laser_line_center/share/colcon-core/packages/laser_line_center)
[2.326s] DEBUG:colcon.colcon_core.executor.sequential:run_until_complete 'laser_line_center' finished with '0'
[2.326s] DEBUG:colcon.colcon_core.executor.sequential:run_until_complete 'laser_line_filter'
[2.326s] INFO:colcon.colcon_ros.task.ament_cmake.build:Building ROS package in '/home/qubo/mysunny/src/laser_line_filter' with build type 'ament_cmake'
[2.326s] INFO:colcon.colcon_cmake.task.cmake.build:Building CMake package in '/home/qubo/mysunny/src/laser_line_filter'
[2.327s] DEBUG:colcon.colcon_core.shell:Skip shell extension 'dsv' for command environment
[2.342s] DEBUG:colcon.colcon_core.event_handler.log_command:Invoking command in '/home/qubo/mysunny/build/laser_line_filter': CMAKE_PREFIX_PATH=${CMAKE_PREFIX_PATH}:/home/qubo/mysunny/install/seam_tracking:/home/qubo/mysunny/install/config_tis:/home/qubo/myRos2test/install/learning_urdf:/home/qubo/myRos2test/install/learning_topic:/home/qubo/myRos2test/install/learning_tf:/home/qubo/myRos2test/install/learning_service:/home/qubo/myRos2test/install/learning_qos:/home/qubo/myRos2test/install/learning_pkg_python:/home/qubo/myRos2test/install/learning_parameter:/home/qubo/myRos2test/install/learning_node:/home/qubo/myRos2test/install/learning_launch:/home/qubo/myRos2test/install/learning_action:/home/qubo/myRos2test/install/learning_gazebo:/opt/ros/galactic /usr/bin/cmake --build /home/qubo/mysunny/build/laser_line_filter -- -j4 -l4
[2.457s] DEBUG:colcon.colcon_core.event_handler.log_command:Invoked command in '/home/qubo/mysunny/build/laser_line_filter' returned '0': CMAKE_PREFIX_PATH=${CMAKE_PREFIX_PATH}:/home/qubo/mysunny/install/seam_tracking:/home/qubo/mysunny/install/config_tis:/home/qubo/myRos2test/install/learning_urdf:/home/qubo/myRos2test/install/learning_topic:/home/qubo/myRos2test/install/learning_tf:/home/qubo/myRos2test/install/learning_service:/home/qubo/myRos2test/install/learning_qos:/home/qubo/myRos2test/install/learning_pkg_python:/home/qubo/myRos2test/install/learning_parameter:/home/qubo/myRos2test/install/learning_node:/home/qubo/myRos2test/install/learning_launch:/home/qubo/myRos2test/install/learning_action:/home/qubo/myRos2test/install/learning_gazebo:/opt/ros/galactic /usr/bin/cmake --build /home/qubo/mysunny/build/laser_line_filter -- -j4 -l4
[2.504s] DEBUG:colcon.colcon_core.event_handler.log_command:Invoking command in '/home/qubo/mysunny/build/laser_line_filter': CMAKE_PREFIX_PATH=${CMAKE_PREFIX_PATH}:/home/qubo/mysunny/install/seam_tracking:/home/qubo/mysunny/install/config_tis:/home/qubo/myRos2test/install/learning_urdf:/home/qubo/myRos2test/install/learning_topic:/home/qubo/myRos2test/install/learning_tf:/home/qubo/myRos2test/install/learning_service:/home/qubo/myRos2test/install/learning_qos:/home/qubo/myRos2test/install/learning_pkg_python:/home/qubo/myRos2test/install/learning_parameter:/home/qubo/myRos2test/install/learning_node:/home/qubo/myRos2test/install/learning_launch:/home/qubo/myRos2test/install/learning_action:/home/qubo/myRos2test/install/learning_gazebo:/opt/ros/galactic /usr/bin/cmake --install /home/qubo/mysunny/build/laser_line_filter
[2.525s] Level 1:colcon.colcon_core.environment:create_environment_scripts_only(laser_line_filter)
[2.525s] DEBUG:colcon.colcon_core.event_handler.log_command:Invoked command in '/home/qubo/mysunny/build/laser_line_filter' returned '0': CMAKE_PREFIX_PATH=${CMAKE_PREFIX_PATH}:/home/qubo/mysunny/install/seam_tracking:/home/qubo/mysunny/install/config_tis:/home/qubo/myRos2test/install/learning_urdf:/home/qubo/myRos2test/install/learning_topic:/home/qubo/myRos2test/install/learning_tf:/home/qubo/myRos2test/install/learning_service:/home/qubo/myRos2test/install/learning_qos:/home/qubo/myRos2test/install/learning_pkg_python:/home/qubo/myRos2test/install/learning_parameter:/home/qubo/myRos2test/install/learning_node:/home/qubo/myRos2test/install/learning_launch:/home/qubo/myRos2test/install/learning_action:/home/qubo/myRos2test/install/learning_gazebo:/opt/ros/galactic /usr/bin/cmake --install /home/qubo/mysunny/build/laser_line_filter
[2.527s] Level 1:colcon.colcon_core.environment:checking '/home/qubo/mysunny/install/laser_line_filter' for CMake module files
[2.527s] Level 1:colcon.colcon_core.environment:checking '/home/qubo/mysunny/install/laser_line_filter' for CMake config files
[2.527s] Level 1:colcon.colcon_core.shell:create_environment_hook('laser_line_filter', 'cmake_prefix_path')
[2.529s] INFO:colcon.colcon_core.shell:Creating environment descriptor '/home/qubo/mysunny/install/laser_line_filter/share/laser_line_filter/hook/cmake_prefix_path.dsv'
[2.529s] INFO:colcon.colcon_core.shell:Creating environment hook '/home/qubo/mysunny/install/laser_line_filter/share/laser_line_filter/hook/cmake_prefix_path.sh'
[2.530s] Level 1:colcon.colcon_core.environment:checking '/home/qubo/mysunny/install/laser_line_filter/lib'
[2.531s] Level 1:colcon.colcon_core.shell:create_environment_hook('laser_line_filter', 'ld_library_path_lib')
[2.532s] INFO:colcon.colcon_core.shell:Creating environment descriptor '/home/qubo/mysunny/install/laser_line_filter/share/laser_line_filter/hook/ld_library_path_lib.dsv'
[2.532s] INFO:colcon.colcon_core.shell:Creating environment hook '/home/qubo/mysunny/install/laser_line_filter/share/laser_line_filter/hook/ld_library_path_lib.sh'
[2.533s] Level 1:colcon.colcon_core.environment:checking '/home/qubo/mysunny/install/laser_line_filter/bin'
[2.533s] Level 1:colcon.colcon_core.environment:checking '/home/qubo/mysunny/install/laser_line_filter/lib/pkgconfig/laser_line_filter.pc'
[2.534s] Level 1:colcon.colcon_core.environment:checking '/home/qubo/mysunny/install/laser_line_filter/lib/python3.8/site-packages'
[2.534s] Level 1:colcon.colcon_core.environment:checking '/home/qubo/mysunny/install/laser_line_filter/bin'
[2.535s] INFO:colcon.colcon_core.shell:Creating package descriptor '/home/qubo/mysunny/install/laser_line_filter/share/laser_line_filter/package.dsv'
[2.536s] INFO:colcon.colcon_core.shell:Creating package script '/home/qubo/mysunny/install/laser_line_filter/share/laser_line_filter/package.sh'
[2.537s] Level 1:colcon.colcon_core.environment:create_file_with_runtime_dependencies(/home/qubo/mysunny/install/laser_line_filter/share/colcon-core/packages/laser_line_filter)
[2.577s] Level 1:colcon.colcon_core.environment:create_environment_scripts_only(laser_line_filter)
[2.579s] Level 1:colcon.colcon_core.environment:checking '/home/qubo/mysunny/install/laser_line_filter' for CMake module files
[2.579s] Level 1:colcon.colcon_core.environment:checking '/home/qubo/mysunny/install/laser_line_filter' for CMake config files
[2.579s] Level 1:colcon.colcon_core.shell:create_environment_hook('laser_line_filter', 'cmake_prefix_path')
[2.580s] INFO:colcon.colcon_core.shell:Creating environment descriptor '/home/qubo/mysunny/install/laser_line_filter/share/laser_line_filter/hook/cmake_prefix_path.dsv'
[2.580s] INFO:colcon.colcon_core.shell:Creating environment hook '/home/qubo/mysunny/install/laser_line_filter/share/laser_line_filter/hook/cmake_prefix_path.sh'
[2.581s] Level 1:colcon.colcon_core.environment:checking '/home/qubo/mysunny/install/laser_line_filter/lib'
[2.582s] Level 1:colcon.colcon_core.shell:create_environment_hook('laser_line_filter', 'ld_library_path_lib')
[2.582s] INFO:colcon.colcon_core.shell:Creating environment descriptor '/home/qubo/mysunny/install/laser_line_filter/share/laser_line_filter/hook/ld_library_path_lib.dsv'
[2.583s] INFO:colcon.colcon_core.shell:Creating environment hook '/home/qubo/mysunny/install/laser_line_filter/share/laser_line_filter/hook/ld_library_path_lib.sh'
[2.591s] Level 1:colcon.colcon_core.environment:checking '/home/qubo/mysunny/install/laser_line_filter/bin'
[2.592s] Level 1:colcon.colcon_core.environment:checking '/home/qubo/mysunny/install/laser_line_filter/lib/pkgconfig/laser_line_filter.pc'
[2.592s] Level 1:colcon.colcon_core.environment:checking '/home/qubo/mysunny/install/laser_line_filter/lib/python3.8/site-packages'
[2.593s] Level 1:colcon.colcon_core.environment:checking '/home/qubo/mysunny/install/laser_line_filter/bin'
[2.595s] INFO:colcon.colcon_core.shell:Creating package descriptor '/home/qubo/mysunny/install/laser_line_filter/share/laser_line_filter/package.dsv'
[2.596s] INFO:colcon.colcon_core.shell:Creating package script '/home/qubo/mysunny/install/laser_line_filter/share/laser_line_filter/package.sh'
[2.598s] Level 1:colcon.colcon_core.environment:create_file_with_runtime_dependencies(/home/qubo/mysunny/install/laser_line_filter/share/colcon-core/packages/laser_line_filter)
[2.599s] DEBUG:colcon.colcon_core.executor.sequential:run_until_complete 'laser_line_filter' finished with '0'
[2.599s] DEBUG:colcon.colcon_core.executor.sequential:run_until_complete 'rotate_image'
[2.599s] INFO:colcon.colcon_ros.task.ament_cmake.build:Building ROS package in '/home/qubo/mysunny/src/rotate_image' with build type 'ament_cmake'
[2.599s] INFO:colcon.colcon_cmake.task.cmake.build:Building CMake package in '/home/qubo/mysunny/src/rotate_image'
[2.600s] DEBUG:colcon.colcon_core.shell:Skip shell extension 'dsv' for command environment
[2.620s] DEBUG:colcon.colcon_core.event_handler.log_command:Invoking command in '/home/qubo/mysunny/build/rotate_image': CMAKE_PREFIX_PATH=${CMAKE_PREFIX_PATH}:/home/qubo/mysunny/install/seam_tracking:/home/qubo/mysunny/install/config_tis:/home/qubo/myRos2test/install/learning_urdf:/home/qubo/myRos2test/install/learning_topic:/home/qubo/myRos2test/install/learning_tf:/home/qubo/myRos2test/install/learning_service:/home/qubo/myRos2test/install/learning_qos:/home/qubo/myRos2test/install/learning_pkg_python:/home/qubo/myRos2test/install/learning_parameter:/home/qubo/myRos2test/install/learning_node:/home/qubo/myRos2test/install/learning_launch:/home/qubo/myRos2test/install/learning_action:/home/qubo/myRos2test/install/learning_gazebo:/opt/ros/galactic /usr/bin/cmake --build /home/qubo/mysunny/build/rotate_image -- -j4 -l4
[3.046s] DEBUG:colcon.colcon_core.event_handler.log_command:Invoked command in '/home/qubo/mysunny/build/rotate_image' returned '2': CMAKE_PREFIX_PATH=${CMAKE_PREFIX_PATH}:/home/qubo/mysunny/install/seam_tracking:/home/qubo/mysunny/install/config_tis:/home/qubo/myRos2test/install/learning_urdf:/home/qubo/myRos2test/install/learning_topic:/home/qubo/myRos2test/install/learning_tf:/home/qubo/myRos2test/install/learning_service:/home/qubo/myRos2test/install/learning_qos:/home/qubo/myRos2test/install/learning_pkg_python:/home/qubo/myRos2test/install/learning_parameter:/home/qubo/myRos2test/install/learning_node:/home/qubo/myRos2test/install/learning_launch:/home/qubo/myRos2test/install/learning_action:/home/qubo/myRos2test/install/learning_gazebo:/opt/ros/galactic /usr/bin/cmake --build /home/qubo/mysunny/build/rotate_image -- -j4 -l4
[3.083s] Level 1:colcon.colcon_core.environment:create_environment_scripts_only(rotate_image)
[3.085s] Level 1:colcon.colcon_core.environment:checking '/home/qubo/mysunny/install/rotate_image' for CMake module files
[3.086s] Level 1:colcon.colcon_core.environment:checking '/home/qubo/mysunny/install/rotate_image' for CMake config files
[3.087s] Level 1:colcon.colcon_core.shell:create_environment_hook('rotate_image', 'cmake_prefix_path')
[3.088s] INFO:colcon.colcon_core.shell:Creating environment descriptor '/home/qubo/mysunny/install/rotate_image/share/rotate_image/hook/cmake_prefix_path.dsv'
[3.088s] INFO:colcon.colcon_core.shell:Creating environment hook '/home/qubo/mysunny/install/rotate_image/share/rotate_image/hook/cmake_prefix_path.sh'
[3.090s] Level 1:colcon.colcon_core.environment:checking '/home/qubo/mysunny/install/rotate_image/lib'
[3.091s] Level 1:colcon.colcon_core.shell:create_environment_hook('rotate_image', 'ld_library_path_lib')
[3.091s] INFO:colcon.colcon_core.shell:Creating environment descriptor '/home/qubo/mysunny/install/rotate_image/share/rotate_image/hook/ld_library_path_lib.dsv'
[3.092s] INFO:colcon.colcon_core.shell:Creating environment hook '/home/qubo/mysunny/install/rotate_image/share/rotate_image/hook/ld_library_path_lib.sh'
[3.092s] Level 1:colcon.colcon_core.environment:checking '/home/qubo/mysunny/install/rotate_image/bin'
[3.092s] Level 1:colcon.colcon_core.environment:checking '/home/qubo/mysunny/install/rotate_image/lib/pkgconfig/rotate_image.pc'
[3.093s] Level 1:colcon.colcon_core.environment:checking '/home/qubo/mysunny/install/rotate_image/lib/python3.8/site-packages'
[3.093s] Level 1:colcon.colcon_core.environment:checking '/home/qubo/mysunny/install/rotate_image/bin'
[3.094s] INFO:colcon.colcon_core.shell:Creating package descriptor '/home/qubo/mysunny/install/rotate_image/share/rotate_image/package.dsv'
[3.094s] INFO:colcon.colcon_core.shell:Creating package script '/home/qubo/mysunny/install/rotate_image/share/rotate_image/package.sh'
[3.095s] Level 1:colcon.colcon_core.environment:create_file_with_runtime_dependencies(/home/qubo/mysunny/install/rotate_image/share/colcon-core/packages/rotate_image)
[3.095s] DEBUG:colcon.colcon_core.executor.sequential:run_until_complete 'rotate_image' finished with '2'
[3.095s] DEBUG:colcon.colcon_core.executor.sequential:closing loop
[3.095s] DEBUG:colcon.colcon_core.executor.sequential:loop closed
[3.095s] DEBUG:colcon.colcon_core.event_reactor:joining thread
[3.099s] DEBUG:colcon.colcon_core.event_reactor:joined thread
[3.100s] INFO:colcon.colcon_core.shell:Creating prefix script '/home/qubo/mysunny/install/local_setup.sh'
[3.102s] INFO:colcon.colcon_core.shell:Creating prefix util module '/home/qubo/mysunny/install/_local_setup_util_sh.py'
[3.106s] INFO:colcon.colcon_core.shell:Creating prefix chain script '/home/qubo/mysunny/install/setup.sh'
