[0.152s] DEBUG:colcon:Command line arguments: ['/usr/bin/colcon', 'build']
[0.152s] DEBUG:colcon:Parsed command line arguments: Namespace(ament_cmake_args=None, base_paths=['.'], build_base='build', catkin_cmake_args=None, catkin_skip_building_tests=False, cmake_args=None, cmake_clean_cache=False, cmake_clean_first=False, cmake_force_configure=False, cmake_target=None, cmake_target_skip_unavailable=False, continue_on_error=False, event_handlers=None, executor='sequential', install_base='install', log_base=None, log_level=None, main=<bound method BuildVerb.main of <colcon_core.verb.build.BuildVerb object at 0x7f20376f2280>>, merge_install=False, paths=None, symlink_install=False, test_result_base=None, verb_extension=<colcon_core.verb.build.BuildVerb object at 0x7f20376f2280>, verb_name='build', verb_parser=CustomArgumentParser(prog='colcon build', usage=None, description='Build a set of packages.', formatter_class=<class 'colcon_core.command.CustomFormatter'>, conflict_handler='error', add_help=True))
[0.171s] Level 1:colcon.colcon_core.package_discovery:discover_packages(recursive) check parameters
[0.171s] Level 1:colcon.colcon_core.package_discovery:discover_packages(path) check parameters
[0.171s] Level 1:colcon.colcon_core.package_discovery:discover_packages(recursive) discover
[0.171s] INFO:colcon.colcon_core.package_discovery:Crawling recursively for packages in '/home/qubo/mysunny'
[0.171s] Level 1:colcon.colcon_core.package_identification:_identify(.) by extensions ['ignore', 'ignore_ament_install']
[0.171s] Level 1:colcon.colcon_core.package_identification:_identify(.) by extension 'ignore'
[0.171s] Level 1:colcon.colcon_core.package_identification:_identify(.) by extension 'ignore_ament_install'
[0.171s] Level 1:colcon.colcon_core.package_identification:_identify(.) by extensions ['ros']
[0.171s] Level 1:colcon.colcon_core.package_identification:_identify(.) by extension 'ros'
[0.182s] Level 1:colcon.colcon_core.package_identification:_identify(.) by extensions ['cmake', 'python']
[0.182s] Level 1:colcon.colcon_core.package_identification:_identify(.) by extension 'cmake'
[0.182s] Level 1:colcon.colcon_core.package_identification:_identify(.) by extension 'python'
[0.182s] Level 1:colcon.colcon_core.package_identification:_identify(.) by extensions ['python_setup_py']
[0.182s] Level 1:colcon.colcon_core.package_identification:_identify(.) by extension 'python_setup_py'
[0.182s] Level 1:colcon.colcon_core.package_identification:_identify(SAVE) by extensions ['ignore', 'ignore_ament_install']
[0.182s] Level 1:colcon.colcon_core.package_identification:_identify(SAVE) by extension 'ignore'
[0.183s] Level 1:colcon.colcon_core.package_identification:_identify(SAVE) by extension 'ignore_ament_install'
[0.183s] Level 1:colcon.colcon_core.package_identification:_identify(SAVE) by extensions ['ros']
[0.183s] Level 1:colcon.colcon_core.package_identification:_identify(SAVE) by extension 'ros'
[0.183s] Level 1:colcon.colcon_core.package_identification:_identify(SAVE) by extensions ['cmake', 'python']
[0.183s] Level 1:colcon.colcon_core.package_identification:_identify(SAVE) by extension 'cmake'
[0.183s] Level 1:colcon.colcon_core.package_identification:_identify(SAVE) by extension 'python'
[0.183s] Level 1:colcon.colcon_core.package_identification:_identify(SAVE) by extensions ['python_setup_py']
[0.183s] Level 1:colcon.colcon_core.package_identification:_identify(SAVE) by extension 'python_setup_py'
[0.183s] Level 1:colcon.colcon_core.package_identification:_identify(SAVE/DATA) by extensions ['ignore', 'ignore_ament_install']
[0.183s] Level 1:colcon.colcon_core.package_identification:_identify(SAVE/DATA) by extension 'ignore'
[0.183s] Level 1:colcon.colcon_core.package_identification:_identify(SAVE/DATA) by extension 'ignore_ament_install'
[0.183s] Level 1:colcon.colcon_core.package_identification:_identify(SAVE/DATA) by extensions ['ros']
[0.183s] Level 1:colcon.colcon_core.package_identification:_identify(SAVE/DATA) by extension 'ros'
[0.184s] Level 1:colcon.colcon_core.package_identification:_identify(SAVE/DATA) by extensions ['cmake', 'python']
[0.184s] Level 1:colcon.colcon_core.package_identification:_identify(SAVE/DATA) by extension 'cmake'
[0.184s] Level 1:colcon.colcon_core.package_identification:_identify(SAVE/DATA) by extension 'python'
[0.184s] Level 1:colcon.colcon_core.package_identification:_identify(SAVE/DATA) by extensions ['python_setup_py']
[0.184s] Level 1:colcon.colcon_core.package_identification:_identify(SAVE/DATA) by extension 'python_setup_py'
[0.184s] Level 1:colcon.colcon_core.package_identification:_identify(build) by extensions ['ignore', 'ignore_ament_install']
[0.184s] Level 1:colcon.colcon_core.package_identification:_identify(build) by extension 'ignore'
[0.184s] Level 1:colcon.colcon_core.package_identification:_identify(build) ignored
[0.184s] Level 1:colcon.colcon_core.package_identification:_identify(install) by extensions ['ignore', 'ignore_ament_install']
[0.184s] Level 1:colcon.colcon_core.package_identification:_identify(install) by extension 'ignore'
[0.184s] Level 1:colcon.colcon_core.package_identification:_identify(install) ignored
[0.184s] Level 1:colcon.colcon_core.package_identification:_identify(log) by extensions ['ignore', 'ignore_ament_install']
[0.185s] Level 1:colcon.colcon_core.package_identification:_identify(log) by extension 'ignore'
[0.185s] Level 1:colcon.colcon_core.package_identification:_identify(log) ignored
[0.185s] Level 1:colcon.colcon_core.package_identification:_identify(src) by extensions ['ignore', 'ignore_ament_install']
[0.185s] Level 1:colcon.colcon_core.package_identification:_identify(src) by extension 'ignore'
[0.185s] Level 1:colcon.colcon_core.package_identification:_identify(src) by extension 'ignore_ament_install'
[0.185s] Level 1:colcon.colcon_core.package_identification:_identify(src) by extensions ['ros']
[0.185s] Level 1:colcon.colcon_core.package_identification:_identify(src) by extension 'ros'
[0.185s] Level 1:colcon.colcon_core.package_identification:_identify(src) by extensions ['cmake', 'python']
[0.185s] Level 1:colcon.colcon_core.package_identification:_identify(src) by extension 'cmake'
[0.185s] Level 1:colcon.colcon_core.package_identification:_identify(src) by extension 'python'
[0.185s] Level 1:colcon.colcon_core.package_identification:_identify(src) by extensions ['python_setup_py']
[0.185s] Level 1:colcon.colcon_core.package_identification:_identify(src) by extension 'python_setup_py'
[0.186s] Level 1:colcon.colcon_core.package_identification:_identify(src/camera_test) by extensions ['ignore', 'ignore_ament_install']
[0.186s] Level 1:colcon.colcon_core.package_identification:_identify(src/camera_test) by extension 'ignore'
[0.186s] Level 1:colcon.colcon_core.package_identification:_identify(src/camera_test) by extension 'ignore_ament_install'
[0.186s] Level 1:colcon.colcon_core.package_identification:_identify(src/camera_test) by extensions ['ros']
[0.186s] Level 1:colcon.colcon_core.package_identification:_identify(src/camera_test) by extension 'ros'
[0.188s] DEBUG:colcon.colcon_core.package_identification:Package 'src/camera_test' with type 'ros.ament_cmake' and name 'camera_test'
[0.188s] Level 1:colcon.colcon_core.package_identification:_identify(src/camera_tis) by extensions ['ignore', 'ignore_ament_install']
[0.188s] Level 1:colcon.colcon_core.package_identification:_identify(src/camera_tis) by extension 'ignore'
[0.188s] Level 1:colcon.colcon_core.package_identification:_identify(src/camera_tis) by extension 'ignore_ament_install'
[0.188s] Level 1:colcon.colcon_core.package_identification:_identify(src/camera_tis) by extensions ['ros']
[0.189s] Level 1:colcon.colcon_core.package_identification:_identify(src/camera_tis) by extension 'ros'
[0.190s] DEBUG:colcon.colcon_core.package_identification:Package 'src/camera_tis' with type 'ros.ament_cmake' and name 'camera_tis'
[0.190s] Level 1:colcon.colcon_core.package_identification:_identify(src/cloud_result_tcpip) by extensions ['ignore', 'ignore_ament_install']
[0.190s] Level 1:colcon.colcon_core.package_identification:_identify(src/cloud_result_tcpip) by extension 'ignore'
[0.190s] Level 1:colcon.colcon_core.package_identification:_identify(src/cloud_result_tcpip) by extension 'ignore_ament_install'
[0.190s] Level 1:colcon.colcon_core.package_identification:_identify(src/cloud_result_tcpip) by extensions ['ros']
[0.190s] Level 1:colcon.colcon_core.package_identification:_identify(src/cloud_result_tcpip) by extension 'ros'
[0.191s] DEBUG:colcon.colcon_core.package_identification:Package 'src/cloud_result_tcpip' with type 'ros.ament_cmake' and name 'cloud_result_tcpip'
[0.191s] Level 1:colcon.colcon_core.package_identification:_identify(src/config_tis) by extensions ['ignore', 'ignore_ament_install']
[0.191s] Level 1:colcon.colcon_core.package_identification:_identify(src/config_tis) by extension 'ignore'
[0.191s] Level 1:colcon.colcon_core.package_identification:_identify(src/config_tis) by extension 'ignore_ament_install'
[0.191s] Level 1:colcon.colcon_core.package_identification:_identify(src/config_tis) by extensions ['ros']
[0.191s] Level 1:colcon.colcon_core.package_identification:_identify(src/config_tis) by extension 'ros'
[0.192s] DEBUG:colcon.colcon_core.package_identification:Package 'src/config_tis' with type 'ros.ament_python' and name 'config_tis'
[0.192s] Level 1:colcon.colcon_core.package_identification:_identify(src/gpio_raspberry) by extensions ['ignore', 'ignore_ament_install']
[0.192s] Level 1:colcon.colcon_core.package_identification:_identify(src/gpio_raspberry) by extension 'ignore'
[0.192s] Level 1:colcon.colcon_core.package_identification:_identify(src/gpio_raspberry) by extension 'ignore_ament_install'
[0.192s] Level 1:colcon.colcon_core.package_identification:_identify(src/gpio_raspberry) by extensions ['ros']
[0.192s] Level 1:colcon.colcon_core.package_identification:_identify(src/gpio_raspberry) by extension 'ros'
[0.193s] DEBUG:colcon.colcon_core.package_identification:Package 'src/gpio_raspberry' with type 'ros.ament_cmake' and name 'gpio_raspberry'
[0.193s] Level 1:colcon.colcon_core.package_identification:_identify(src/image_result_tcpip) by extensions ['ignore', 'ignore_ament_install']
[0.193s] Level 1:colcon.colcon_core.package_identification:_identify(src/image_result_tcpip) by extension 'ignore'
[0.193s] Level 1:colcon.colcon_core.package_identification:_identify(src/image_result_tcpip) by extension 'ignore_ament_install'
[0.193s] Level 1:colcon.colcon_core.package_identification:_identify(src/image_result_tcpip) by extensions ['ros']
[0.193s] Level 1:colcon.colcon_core.package_identification:_identify(src/image_result_tcpip) by extension 'ros'
[0.194s] DEBUG:colcon.colcon_core.package_identification:Package 'src/image_result_tcpip' with type 'ros.ament_cmake' and name 'image_result_tcpip'
[0.194s] Level 1:colcon.colcon_core.package_identification:_identify(src/image_tcpip) by extensions ['ignore', 'ignore_ament_install']
[0.194s] Level 1:colcon.colcon_core.package_identification:_identify(src/image_tcpip) by extension 'ignore'
[0.194s] Level 1:colcon.colcon_core.package_identification:_identify(src/image_tcpip) by extension 'ignore_ament_install'
[0.194s] Level 1:colcon.colcon_core.package_identification:_identify(src/image_tcpip) by extensions ['ros']
[0.194s] Level 1:colcon.colcon_core.package_identification:_identify(src/image_tcpip) by extension 'ros'
[0.195s] DEBUG:colcon.colcon_core.package_identification:Package 'src/image_tcpip' with type 'ros.ament_cmake' and name 'image_tcpip'
[0.195s] Level 1:colcon.colcon_core.package_identification:_identify(src/laser_imagepos) by extensions ['ignore', 'ignore_ament_install']
[0.195s] Level 1:colcon.colcon_core.package_identification:_identify(src/laser_imagepos) by extension 'ignore'
[0.195s] Level 1:colcon.colcon_core.package_identification:_identify(src/laser_imagepos) by extension 'ignore_ament_install'
[0.195s] Level 1:colcon.colcon_core.package_identification:_identify(src/laser_imagepos) by extensions ['ros']
[0.195s] Level 1:colcon.colcon_core.package_identification:_identify(src/laser_imagepos) by extension 'ros'
[0.196s] DEBUG:colcon.colcon_core.package_identification:Package 'src/laser_imagepos' with type 'ros.ament_cmake' and name 'laser_imagepos'
[0.196s] Level 1:colcon.colcon_core.package_identification:_identify(src/laser_line_center) by extensions ['ignore', 'ignore_ament_install']
[0.196s] Level 1:colcon.colcon_core.package_identification:_identify(src/laser_line_center) by extension 'ignore'
[0.196s] Level 1:colcon.colcon_core.package_identification:_identify(src/laser_line_center) by extension 'ignore_ament_install'
[0.196s] Level 1:colcon.colcon_core.package_identification:_identify(src/laser_line_center) by extensions ['ros']
[0.196s] Level 1:colcon.colcon_core.package_identification:_identify(src/laser_line_center) by extension 'ros'
[0.197s] DEBUG:colcon.colcon_core.package_identification:Package 'src/laser_line_center' with type 'ros.ament_cmake' and name 'laser_line_center'
[0.197s] Level 1:colcon.colcon_core.package_identification:_identify(src/laser_line_filter) by extensions ['ignore', 'ignore_ament_install']
[0.197s] Level 1:colcon.colcon_core.package_identification:_identify(src/laser_line_filter) by extension 'ignore'
[0.197s] Level 1:colcon.colcon_core.package_identification:_identify(src/laser_line_filter) by extension 'ignore_ament_install'
[0.197s] Level 1:colcon.colcon_core.package_identification:_identify(src/laser_line_filter) by extensions ['ros']
[0.198s] Level 1:colcon.colcon_core.package_identification:_identify(src/laser_line_filter) by extension 'ros'
[0.198s] DEBUG:colcon.colcon_core.package_identification:Package 'src/laser_line_filter' with type 'ros.ament_cmake' and name 'laser_line_filter'
[0.198s] Level 1:colcon.colcon_core.package_identification:_identify(src/line_center_reconstruction) by extensions ['ignore', 'ignore_ament_install']
[0.198s] Level 1:colcon.colcon_core.package_identification:_identify(src/line_center_reconstruction) by extension 'ignore'
[0.199s] Level 1:colcon.colcon_core.package_identification:_identify(src/line_center_reconstruction) by extension 'ignore_ament_install'
[0.199s] Level 1:colcon.colcon_core.package_identification:_identify(src/line_center_reconstruction) by extensions ['ros']
[0.199s] Level 1:colcon.colcon_core.package_identification:_identify(src/line_center_reconstruction) by extension 'ros'
[0.199s] DEBUG:colcon.colcon_core.package_identification:Package 'src/line_center_reconstruction' with type 'ros.ament_cmake' and name 'line_center_reconstruction'
[0.200s] Level 1:colcon.colcon_core.package_identification:_identify(src/modbus) by extensions ['ignore', 'ignore_ament_install']
[0.200s] Level 1:colcon.colcon_core.package_identification:_identify(src/modbus) by extension 'ignore'
[0.200s] Level 1:colcon.colcon_core.package_identification:_identify(src/modbus) by extension 'ignore_ament_install'
[0.200s] Level 1:colcon.colcon_core.package_identification:_identify(src/modbus) by extensions ['ros']
[0.200s] Level 1:colcon.colcon_core.package_identification:_identify(src/modbus) by extension 'ros'
[0.200s] DEBUG:colcon.colcon_core.package_identification:Package 'src/modbus' with type 'ros.ament_cmake' and name 'modbus'
[0.201s] Level 1:colcon.colcon_core.package_identification:_identify(src/my_pclout) by extensions ['ignore', 'ignore_ament_install']
[0.201s] Level 1:colcon.colcon_core.package_identification:_identify(src/my_pclout) by extension 'ignore'
[0.201s] Level 1:colcon.colcon_core.package_identification:_identify(src/my_pclout) by extension 'ignore_ament_install'
[0.201s] Level 1:colcon.colcon_core.package_identification:_identify(src/my_pclout) by extensions ['ros']
[0.201s] Level 1:colcon.colcon_core.package_identification:_identify(src/my_pclout) by extension 'ros'
[0.202s] DEBUG:colcon.colcon_core.package_identification:Package 'src/my_pclout' with type 'ros.ament_cmake' and name 'my_pclout'
[0.202s] Level 1:colcon.colcon_core.package_identification:_identify(src/pipeline_tis) by extensions ['ignore', 'ignore_ament_install']
[0.202s] Level 1:colcon.colcon_core.package_identification:_identify(src/pipeline_tis) by extension 'ignore'
[0.202s] Level 1:colcon.colcon_core.package_identification:_identify(src/pipeline_tis) by extension 'ignore_ament_install'
[0.202s] Level 1:colcon.colcon_core.package_identification:_identify(src/pipeline_tis) by extensions ['ros']
[0.202s] Level 1:colcon.colcon_core.package_identification:_identify(src/pipeline_tis) by extension 'ros'
[0.203s] DEBUG:colcon.colcon_core.package_identification:Package 'src/pipeline_tis' with type 'ros.ament_cmake' and name 'pipeline_tis'
[0.203s] Level 1:colcon.colcon_core.package_identification:_identify(src/rotate_image) by extensions ['ignore', 'ignore_ament_install']
[0.204s] Level 1:colcon.colcon_core.package_identification:_identify(src/rotate_image) by extension 'ignore'
[0.204s] Level 1:colcon.colcon_core.package_identification:_identify(src/rotate_image) by extension 'ignore_ament_install'
[0.204s] Level 1:colcon.colcon_core.package_identification:_identify(src/rotate_image) by extensions ['ros']
[0.204s] Level 1:colcon.colcon_core.package_identification:_identify(src/rotate_image) by extension 'ros'
[0.204s] DEBUG:colcon.colcon_core.package_identification:Package 'src/rotate_image' with type 'ros.ament_cmake' and name 'rotate_image'
[0.204s] Level 1:colcon.colcon_core.package_identification:_identify(src/seam_tracking) by extensions ['ignore', 'ignore_ament_install']
[0.205s] Level 1:colcon.colcon_core.package_identification:_identify(src/seam_tracking) by extension 'ignore'
[0.205s] Level 1:colcon.colcon_core.package_identification:_identify(src/seam_tracking) by extension 'ignore_ament_install'
[0.205s] Level 1:colcon.colcon_core.package_identification:_identify(src/seam_tracking) by extensions ['ros']
[0.205s] Level 1:colcon.colcon_core.package_identification:_identify(src/seam_tracking) by extension 'ros'
[0.205s] DEBUG:colcon.colcon_core.package_identification:Package 'src/seam_tracking' with type 'ros.ament_python' and name 'seam_tracking'
[0.205s] Level 1:colcon.colcon_core.package_identification:_identify(src/tutorial_interfaces) by extensions ['ignore', 'ignore_ament_install']
[0.206s] Level 1:colcon.colcon_core.package_identification:_identify(src/tutorial_interfaces) by extension 'ignore'
[0.206s] Level 1:colcon.colcon_core.package_identification:_identify(src/tutorial_interfaces) by extension 'ignore_ament_install'
[0.206s] Level 1:colcon.colcon_core.package_identification:_identify(src/tutorial_interfaces) by extensions ['ros']
[0.206s] Level 1:colcon.colcon_core.package_identification:_identify(src/tutorial_interfaces) by extension 'ros'
[0.206s] DEBUG:colcon.colcon_core.package_identification:Package 'src/tutorial_interfaces' with type 'ros.ament_cmake' and name 'tutorial_interfaces'
[0.206s] Level 1:colcon.colcon_core.package_identification:_identify(tools) by extensions ['ignore', 'ignore_ament_install']
[0.207s] Level 1:colcon.colcon_core.package_identification:_identify(tools) by extension 'ignore'
[0.207s] Level 1:colcon.colcon_core.package_identification:_identify(tools) by extension 'ignore_ament_install'
[0.207s] Level 1:colcon.colcon_core.package_identification:_identify(tools) by extensions ['ros']
[0.207s] Level 1:colcon.colcon_core.package_identification:_identify(tools) by extension 'ros'
[0.207s] Level 1:colcon.colcon_core.package_identification:_identify(tools) by extensions ['cmake', 'python']
[0.207s] Level 1:colcon.colcon_core.package_identification:_identify(tools) by extension 'cmake'
[0.207s] Level 1:colcon.colcon_core.package_identification:_identify(tools) by extension 'python'
[0.207s] Level 1:colcon.colcon_core.package_identification:_identify(tools) by extensions ['python_setup_py']
[0.207s] Level 1:colcon.colcon_core.package_identification:_identify(tools) by extension 'python_setup_py'
[0.207s] Level 1:colcon.colcon_core.package_identification:_identify(tools/ros2_numpy) by extensions ['ignore', 'ignore_ament_install']
[0.207s] Level 1:colcon.colcon_core.package_identification:_identify(tools/ros2_numpy) by extension 'ignore'
[0.207s] Level 1:colcon.colcon_core.package_identification:_identify(tools/ros2_numpy) by extension 'ignore_ament_install'
[0.207s] Level 1:colcon.colcon_core.package_identification:_identify(tools/ros2_numpy) by extensions ['ros']
[0.208s] Level 1:colcon.colcon_core.package_identification:_identify(tools/ros2_numpy) by extension 'ros'
[0.208s] Level 1:colcon.colcon_core.package_identification:_identify(tools/ros2_numpy) by extensions ['cmake', 'python']
[0.208s] Level 1:colcon.colcon_core.package_identification:_identify(tools/ros2_numpy) by extension 'cmake'
[0.208s] Level 1:colcon.colcon_core.package_identification:_identify(tools/ros2_numpy) by extension 'python'
[0.208s] Level 1:colcon.colcon_core.package_identification:_identify(tools/ros2_numpy) by extensions ['python_setup_py']
[0.208s] Level 1:colcon.colcon_core.package_identification:_identify(tools/ros2_numpy) by extension 'python_setup_py'
[0.208s] Level 1:colcon.colcon_core.package_identification:_identify(tools/seam_tracking_gui) by extensions ['ignore', 'ignore_ament_install']
[0.208s] Level 1:colcon.colcon_core.package_identification:_identify(tools/seam_tracking_gui) by extension 'ignore'
[0.208s] Level 1:colcon.colcon_core.package_identification:_identify(tools/seam_tracking_gui) by extension 'ignore_ament_install'
[0.208s] Level 1:colcon.colcon_core.package_identification:_identify(tools/seam_tracking_gui) by extensions ['ros']
[0.208s] Level 1:colcon.colcon_core.package_identification:_identify(tools/seam_tracking_gui) by extension 'ros'
[0.208s] Level 1:colcon.colcon_core.package_identification:_identify(tools/seam_tracking_gui) by extensions ['cmake', 'python']
[0.208s] Level 1:colcon.colcon_core.package_identification:_identify(tools/seam_tracking_gui) by extension 'cmake'
[0.209s] Level 1:colcon.colcon_core.package_identification:_identify(tools/seam_tracking_gui) by extension 'python'
[0.209s] Level 1:colcon.colcon_core.package_identification:_identify(tools/seam_tracking_gui) by extensions ['python_setup_py']
[0.209s] Level 1:colcon.colcon_core.package_identification:_identify(tools/seam_tracking_gui) by extension 'python_setup_py'
[0.209s] Level 1:colcon.colcon_core.package_identification:_identify(tools/seam_tracking_gui/test) by extensions ['ignore', 'ignore_ament_install']
[0.209s] Level 1:colcon.colcon_core.package_identification:_identify(tools/seam_tracking_gui/test) by extension 'ignore'
[0.209s] Level 1:colcon.colcon_core.package_identification:_identify(tools/seam_tracking_gui/test) by extension 'ignore_ament_install'
[0.209s] Level 1:colcon.colcon_core.package_identification:_identify(tools/seam_tracking_gui/test) by extensions ['ros']
[0.209s] Level 1:colcon.colcon_core.package_identification:_identify(tools/seam_tracking_gui/test) by extension 'ros'
[0.209s] Level 1:colcon.colcon_core.package_identification:_identify(tools/seam_tracking_gui/test) by extensions ['cmake', 'python']
[0.209s] Level 1:colcon.colcon_core.package_identification:_identify(tools/seam_tracking_gui/test) by extension 'cmake'
[0.209s] Level 1:colcon.colcon_core.package_identification:_identify(tools/seam_tracking_gui/test) by extension 'python'
[0.209s] Level 1:colcon.colcon_core.package_identification:_identify(tools/seam_tracking_gui/test) by extensions ['python_setup_py']
[0.209s] Level 1:colcon.colcon_core.package_identification:_identify(tools/seam_tracking_gui/test) by extension 'python_setup_py'
[0.210s] Level 1:colcon.colcon_core.package_identification:_identify(tools/template) by extensions ['ignore', 'ignore_ament_install']
[0.210s] Level 1:colcon.colcon_core.package_identification:_identify(tools/template) by extension 'ignore'
[0.210s] Level 1:colcon.colcon_core.package_identification:_identify(tools/template) by extension 'ignore_ament_install'
[0.210s] Level 1:colcon.colcon_core.package_identification:_identify(tools/template) by extensions ['ros']
[0.210s] Level 1:colcon.colcon_core.package_identification:_identify(tools/template) by extension 'ros'
[0.210s] Level 1:colcon.colcon_core.package_identification:_identify(tools/template) by extensions ['cmake', 'python']
[0.210s] Level 1:colcon.colcon_core.package_identification:_identify(tools/template) by extension 'cmake'
[0.210s] Level 1:colcon.colcon_core.package_identification:_identify(tools/template) by extension 'python'
[0.210s] Level 1:colcon.colcon_core.package_identification:_identify(tools/template) by extensions ['python_setup_py']
[0.210s] Level 1:colcon.colcon_core.package_identification:_identify(tools/template) by extension 'python_setup_py'
[0.210s] Level 1:colcon.colcon_core.package_discovery:discover_packages(recursive) using defaults
[0.210s] Level 1:colcon.colcon_core.package_discovery:discover_packages(path) discover
[0.210s] Level 1:colcon.colcon_core.package_discovery:discover_packages(path) using defaults
[0.227s] Level 5:colcon.colcon_core.verb:set package 'camera_test' build argument 'cmake_args' from command line to 'None'
[0.227s] Level 5:colcon.colcon_core.verb:set package 'camera_test' build argument 'cmake_target' from command line to 'None'
[0.227s] Level 5:colcon.colcon_core.verb:set package 'camera_test' build argument 'cmake_target_skip_unavailable' from command line to 'False'
[0.227s] Level 5:colcon.colcon_core.verb:set package 'camera_test' build argument 'cmake_clean_cache' from command line to 'False'
[0.227s] Level 5:colcon.colcon_core.verb:set package 'camera_test' build argument 'cmake_clean_first' from command line to 'False'
[0.227s] Level 5:colcon.colcon_core.verb:set package 'camera_test' build argument 'cmake_force_configure' from command line to 'False'
[0.228s] Level 5:colcon.colcon_core.verb:set package 'camera_test' build argument 'ament_cmake_args' from command line to 'None'
[0.228s] Level 5:colcon.colcon_core.verb:set package 'camera_test' build argument 'catkin_cmake_args' from command line to 'None'
[0.228s] Level 5:colcon.colcon_core.verb:set package 'camera_test' build argument 'catkin_skip_building_tests' from command line to 'False'
[0.228s] DEBUG:colcon.colcon_core.verb:Building package 'camera_test' with the following arguments: {'ament_cmake_args': None, 'build_base': '/home/qubo/mysunny/build/camera_test', 'catkin_cmake_args': None, 'catkin_skip_building_tests': False, 'cmake_args': None, 'cmake_clean_cache': False, 'cmake_clean_first': False, 'cmake_force_configure': False, 'cmake_target': None, 'cmake_target_skip_unavailable': False, 'install_base': '/home/qubo/mysunny/install/camera_test', 'merge_install': False, 'path': '/home/qubo/mysunny/src/camera_test', 'symlink_install': False, 'test_result_base': None}
[0.228s] Level 5:colcon.colcon_core.verb:set package 'camera_tis' build argument 'cmake_args' from command line to 'None'
[0.228s] Level 5:colcon.colcon_core.verb:set package 'camera_tis' build argument 'cmake_target' from command line to 'None'
[0.229s] Level 5:colcon.colcon_core.verb:set package 'camera_tis' build argument 'cmake_target_skip_unavailable' from command line to 'False'
[0.229s] Level 5:colcon.colcon_core.verb:set package 'camera_tis' build argument 'cmake_clean_cache' from command line to 'False'
[0.229s] Level 5:colcon.colcon_core.verb:set package 'camera_tis' build argument 'cmake_clean_first' from command line to 'False'
[0.229s] Level 5:colcon.colcon_core.verb:set package 'camera_tis' build argument 'cmake_force_configure' from command line to 'False'
[0.229s] Level 5:colcon.colcon_core.verb:set package 'camera_tis' build argument 'ament_cmake_args' from command line to 'None'
[0.229s] Level 5:colcon.colcon_core.verb:set package 'camera_tis' build argument 'catkin_cmake_args' from command line to 'None'
[0.229s] Level 5:colcon.colcon_core.verb:set package 'camera_tis' build argument 'catkin_skip_building_tests' from command line to 'False'
[0.229s] DEBUG:colcon.colcon_core.verb:Building package 'camera_tis' with the following arguments: {'ament_cmake_args': None, 'build_base': '/home/qubo/mysunny/build/camera_tis', 'catkin_cmake_args': None, 'catkin_skip_building_tests': False, 'cmake_args': None, 'cmake_clean_cache': False, 'cmake_clean_first': False, 'cmake_force_configure': False, 'cmake_target': None, 'cmake_target_skip_unavailable': False, 'install_base': '/home/qubo/mysunny/install/camera_tis', 'merge_install': False, 'path': '/home/qubo/mysunny/src/camera_tis', 'symlink_install': False, 'test_result_base': None}
[0.230s] Level 5:colcon.colcon_core.verb:set package 'config_tis' build argument 'cmake_args' from command line to 'None'
[0.230s] Level 5:colcon.colcon_core.verb:set package 'config_tis' build argument 'cmake_target' from command line to 'None'
[0.230s] Level 5:colcon.colcon_core.verb:set package 'config_tis' build argument 'cmake_target_skip_unavailable' from command line to 'False'
[0.230s] Level 5:colcon.colcon_core.verb:set package 'config_tis' build argument 'cmake_clean_cache' from command line to 'False'
[0.230s] Level 5:colcon.colcon_core.verb:set package 'config_tis' build argument 'cmake_clean_first' from command line to 'False'
[0.230s] Level 5:colcon.colcon_core.verb:set package 'config_tis' build argument 'cmake_force_configure' from command line to 'False'
[0.230s] Level 5:colcon.colcon_core.verb:set package 'config_tis' build argument 'ament_cmake_args' from command line to 'None'
[0.230s] Level 5:colcon.colcon_core.verb:set package 'config_tis' build argument 'catkin_cmake_args' from command line to 'None'
[0.230s] Level 5:colcon.colcon_core.verb:set package 'config_tis' build argument 'catkin_skip_building_tests' from command line to 'False'
[0.230s] DEBUG:colcon.colcon_core.verb:Building package 'config_tis' with the following arguments: {'ament_cmake_args': None, 'build_base': '/home/qubo/mysunny/build/config_tis', 'catkin_cmake_args': None, 'catkin_skip_building_tests': False, 'cmake_args': None, 'cmake_clean_cache': False, 'cmake_clean_first': False, 'cmake_force_configure': False, 'cmake_target': None, 'cmake_target_skip_unavailable': False, 'install_base': '/home/qubo/mysunny/install/config_tis', 'merge_install': False, 'path': '/home/qubo/mysunny/src/config_tis', 'symlink_install': False, 'test_result_base': None}
[0.231s] Level 5:colcon.colcon_core.verb:set package 'gpio_raspberry' build argument 'cmake_args' from command line to 'None'
[0.231s] Level 5:colcon.colcon_core.verb:set package 'gpio_raspberry' build argument 'cmake_target' from command line to 'None'
[0.231s] Level 5:colcon.colcon_core.verb:set package 'gpio_raspberry' build argument 'cmake_target_skip_unavailable' from command line to 'False'
[0.231s] Level 5:colcon.colcon_core.verb:set package 'gpio_raspberry' build argument 'cmake_clean_cache' from command line to 'False'
[0.231s] Level 5:colcon.colcon_core.verb:set package 'gpio_raspberry' build argument 'cmake_clean_first' from command line to 'False'
[0.231s] Level 5:colcon.colcon_core.verb:set package 'gpio_raspberry' build argument 'cmake_force_configure' from command line to 'False'
[0.231s] Level 5:colcon.colcon_core.verb:set package 'gpio_raspberry' build argument 'ament_cmake_args' from command line to 'None'
[0.231s] Level 5:colcon.colcon_core.verb:set package 'gpio_raspberry' build argument 'catkin_cmake_args' from command line to 'None'
[0.231s] Level 5:colcon.colcon_core.verb:set package 'gpio_raspberry' build argument 'catkin_skip_building_tests' from command line to 'False'
[0.231s] DEBUG:colcon.colcon_core.verb:Building package 'gpio_raspberry' with the following arguments: {'ament_cmake_args': None, 'build_base': '/home/qubo/mysunny/build/gpio_raspberry', 'catkin_cmake_args': None, 'catkin_skip_building_tests': False, 'cmake_args': None, 'cmake_clean_cache': False, 'cmake_clean_first': False, 'cmake_force_configure': False, 'cmake_target': None, 'cmake_target_skip_unavailable': False, 'install_base': '/home/qubo/mysunny/install/gpio_raspberry', 'merge_install': False, 'path': '/home/qubo/mysunny/src/gpio_raspberry', 'symlink_install': False, 'test_result_base': None}
[0.232s] Level 5:colcon.colcon_core.verb:set package 'image_tcpip' build argument 'cmake_args' from command line to 'None'
[0.232s] Level 5:colcon.colcon_core.verb:set package 'image_tcpip' build argument 'cmake_target' from command line to 'None'
[0.232s] Level 5:colcon.colcon_core.verb:set package 'image_tcpip' build argument 'cmake_target_skip_unavailable' from command line to 'False'
[0.232s] Level 5:colcon.colcon_core.verb:set package 'image_tcpip' build argument 'cmake_clean_cache' from command line to 'False'
[0.232s] Level 5:colcon.colcon_core.verb:set package 'image_tcpip' build argument 'cmake_clean_first' from command line to 'False'
[0.232s] Level 5:colcon.colcon_core.verb:set package 'image_tcpip' build argument 'cmake_force_configure' from command line to 'False'
[0.232s] Level 5:colcon.colcon_core.verb:set package 'image_tcpip' build argument 'ament_cmake_args' from command line to 'None'
[0.233s] Level 5:colcon.colcon_core.verb:set package 'image_tcpip' build argument 'catkin_cmake_args' from command line to 'None'
[0.233s] Level 5:colcon.colcon_core.verb:set package 'image_tcpip' build argument 'catkin_skip_building_tests' from command line to 'False'
[0.233s] DEBUG:colcon.colcon_core.verb:Building package 'image_tcpip' with the following arguments: {'ament_cmake_args': None, 'build_base': '/home/qubo/mysunny/build/image_tcpip', 'catkin_cmake_args': None, 'catkin_skip_building_tests': False, 'cmake_args': None, 'cmake_clean_cache': False, 'cmake_clean_first': False, 'cmake_force_configure': False, 'cmake_target': None, 'cmake_target_skip_unavailable': False, 'install_base': '/home/qubo/mysunny/install/image_tcpip', 'merge_install': False, 'path': '/home/qubo/mysunny/src/image_tcpip', 'symlink_install': False, 'test_result_base': None}
[0.233s] Level 5:colcon.colcon_core.verb:set package 'laser_line_center' build argument 'cmake_args' from command line to 'None'
[0.233s] Level 5:colcon.colcon_core.verb:set package 'laser_line_center' build argument 'cmake_target' from command line to 'None'
[0.234s] Level 5:colcon.colcon_core.verb:set package 'laser_line_center' build argument 'cmake_target_skip_unavailable' from command line to 'False'
[0.234s] Level 5:colcon.colcon_core.verb:set package 'laser_line_center' build argument 'cmake_clean_cache' from command line to 'False'
[0.234s] Level 5:colcon.colcon_core.verb:set package 'laser_line_center' build argument 'cmake_clean_first' from command line to 'False'
[0.234s] Level 5:colcon.colcon_core.verb:set package 'laser_line_center' build argument 'cmake_force_configure' from command line to 'False'
[0.234s] Level 5:colcon.colcon_core.verb:set package 'laser_line_center' build argument 'ament_cmake_args' from command line to 'None'
[0.234s] Level 5:colcon.colcon_core.verb:set package 'laser_line_center' build argument 'catkin_cmake_args' from command line to 'None'
[0.234s] Level 5:colcon.colcon_core.verb:set package 'laser_line_center' build argument 'catkin_skip_building_tests' from command line to 'False'
[0.234s] DEBUG:colcon.colcon_core.verb:Building package 'laser_line_center' with the following arguments: {'ament_cmake_args': None, 'build_base': '/home/qubo/mysunny/build/laser_line_center', 'catkin_cmake_args': None, 'catkin_skip_building_tests': False, 'cmake_args': None, 'cmake_clean_cache': False, 'cmake_clean_first': False, 'cmake_force_configure': False, 'cmake_target': None, 'cmake_target_skip_unavailable': False, 'install_base': '/home/qubo/mysunny/install/laser_line_center', 'merge_install': False, 'path': '/home/qubo/mysunny/src/laser_line_center', 'symlink_install': False, 'test_result_base': None}
[0.235s] Level 5:colcon.colcon_core.verb:set package 'laser_line_filter' build argument 'cmake_args' from command line to 'None'
[0.235s] Level 5:colcon.colcon_core.verb:set package 'laser_line_filter' build argument 'cmake_target' from command line to 'None'
[0.235s] Level 5:colcon.colcon_core.verb:set package 'laser_line_filter' build argument 'cmake_target_skip_unavailable' from command line to 'False'
[0.235s] Level 5:colcon.colcon_core.verb:set package 'laser_line_filter' build argument 'cmake_clean_cache' from command line to 'False'
[0.235s] Level 5:colcon.colcon_core.verb:set package 'laser_line_filter' build argument 'cmake_clean_first' from command line to 'False'
[0.235s] Level 5:colcon.colcon_core.verb:set package 'laser_line_filter' build argument 'cmake_force_configure' from command line to 'False'
[0.235s] Level 5:colcon.colcon_core.verb:set package 'laser_line_filter' build argument 'ament_cmake_args' from command line to 'None'
[0.235s] Level 5:colcon.colcon_core.verb:set package 'laser_line_filter' build argument 'catkin_cmake_args' from command line to 'None'
[0.235s] Level 5:colcon.colcon_core.verb:set package 'laser_line_filter' build argument 'catkin_skip_building_tests' from command line to 'False'
[0.235s] DEBUG:colcon.colcon_core.verb:Building package 'laser_line_filter' with the following arguments: {'ament_cmake_args': None, 'build_base': '/home/qubo/mysunny/build/laser_line_filter', 'catkin_cmake_args': None, 'catkin_skip_building_tests': False, 'cmake_args': None, 'cmake_clean_cache': False, 'cmake_clean_first': False, 'cmake_force_configure': False, 'cmake_target': None, 'cmake_target_skip_unavailable': False, 'install_base': '/home/qubo/mysunny/install/laser_line_filter', 'merge_install': False, 'path': '/home/qubo/mysunny/src/laser_line_filter', 'symlink_install': False, 'test_result_base': None}
[0.236s] Level 5:colcon.colcon_core.verb:set package 'rotate_image' build argument 'cmake_args' from command line to 'None'
[0.236s] Level 5:colcon.colcon_core.verb:set package 'rotate_image' build argument 'cmake_target' from command line to 'None'
[0.236s] Level 5:colcon.colcon_core.verb:set package 'rotate_image' build argument 'cmake_target_skip_unavailable' from command line to 'False'
[0.236s] Level 5:colcon.colcon_core.verb:set package 'rotate_image' build argument 'cmake_clean_cache' from command line to 'False'
[0.236s] Level 5:colcon.colcon_core.verb:set package 'rotate_image' build argument 'cmake_clean_first' from command line to 'False'
[0.236s] Level 5:colcon.colcon_core.verb:set package 'rotate_image' build argument 'cmake_force_configure' from command line to 'False'
[0.236s] Level 5:colcon.colcon_core.verb:set package 'rotate_image' build argument 'ament_cmake_args' from command line to 'None'
[0.236s] Level 5:colcon.colcon_core.verb:set package 'rotate_image' build argument 'catkin_cmake_args' from command line to 'None'
[0.236s] Level 5:colcon.colcon_core.verb:set package 'rotate_image' build argument 'catkin_skip_building_tests' from command line to 'False'
[0.236s] DEBUG:colcon.colcon_core.verb:Building package 'rotate_image' with the following arguments: {'ament_cmake_args': None, 'build_base': '/home/qubo/mysunny/build/rotate_image', 'catkin_cmake_args': None, 'catkin_skip_building_tests': False, 'cmake_args': None, 'cmake_clean_cache': False, 'cmake_clean_first': False, 'cmake_force_configure': False, 'cmake_target': None, 'cmake_target_skip_unavailable': False, 'install_base': '/home/qubo/mysunny/install/rotate_image', 'merge_install': False, 'path': '/home/qubo/mysunny/src/rotate_image', 'symlink_install': False, 'test_result_base': None}
[0.237s] Level 5:colcon.colcon_core.verb:set package 'seam_tracking' build argument 'cmake_args' from command line to 'None'
[0.237s] Level 5:colcon.colcon_core.verb:set package 'seam_tracking' build argument 'cmake_target' from command line to 'None'
[0.237s] Level 5:colcon.colcon_core.verb:set package 'seam_tracking' build argument 'cmake_target_skip_unavailable' from command line to 'False'
[0.237s] Level 5:colcon.colcon_core.verb:set package 'seam_tracking' build argument 'cmake_clean_cache' from command line to 'False'
[0.237s] Level 5:colcon.colcon_core.verb:set package 'seam_tracking' build argument 'cmake_clean_first' from command line to 'False'
[0.237s] Level 5:colcon.colcon_core.verb:set package 'seam_tracking' build argument 'cmake_force_configure' from command line to 'False'
[0.237s] Level 5:colcon.colcon_core.verb:set package 'seam_tracking' build argument 'ament_cmake_args' from command line to 'None'
[0.237s] Level 5:colcon.colcon_core.verb:set package 'seam_tracking' build argument 'catkin_cmake_args' from command line to 'None'
[0.237s] Level 5:colcon.colcon_core.verb:set package 'seam_tracking' build argument 'catkin_skip_building_tests' from command line to 'False'
[0.237s] DEBUG:colcon.colcon_core.verb:Building package 'seam_tracking' with the following arguments: {'ament_cmake_args': None, 'build_base': '/home/qubo/mysunny/build/seam_tracking', 'catkin_cmake_args': None, 'catkin_skip_building_tests': False, 'cmake_args': None, 'cmake_clean_cache': False, 'cmake_clean_first': False, 'cmake_force_configure': False, 'cmake_target': None, 'cmake_target_skip_unavailable': False, 'install_base': '/home/qubo/mysunny/install/seam_tracking', 'merge_install': False, 'path': '/home/qubo/mysunny/src/seam_tracking', 'symlink_install': False, 'test_result_base': None}
[0.238s] Level 5:colcon.colcon_core.verb:set package 'tutorial_interfaces' build argument 'cmake_args' from command line to 'None'
[0.238s] Level 5:colcon.colcon_core.verb:set package 'tutorial_interfaces' build argument 'cmake_target' from command line to 'None'
[0.238s] Level 5:colcon.colcon_core.verb:set package 'tutorial_interfaces' build argument 'cmake_target_skip_unavailable' from command line to 'False'
[0.238s] Level 5:colcon.colcon_core.verb:set package 'tutorial_interfaces' build argument 'cmake_clean_cache' from command line to 'False'
[0.238s] Level 5:colcon.colcon_core.verb:set package 'tutorial_interfaces' build argument 'cmake_clean_first' from command line to 'False'
[0.238s] Level 5:colcon.colcon_core.verb:set package 'tutorial_interfaces' build argument 'cmake_force_configure' from command line to 'False'
[0.238s] Level 5:colcon.colcon_core.verb:set package 'tutorial_interfaces' build argument 'ament_cmake_args' from command line to 'None'
[0.238s] Level 5:colcon.colcon_core.verb:set package 'tutorial_interfaces' build argument 'catkin_cmake_args' from command line to 'None'
[0.239s] Level 5:colcon.colcon_core.verb:set package 'tutorial_interfaces' build argument 'catkin_skip_building_tests' from command line to 'False'
[0.239s] DEBUG:colcon.colcon_core.verb:Building package 'tutorial_interfaces' with the following arguments: {'ament_cmake_args': None, 'build_base': '/home/qubo/mysunny/build/tutorial_interfaces', 'catkin_cmake_args': None, 'catkin_skip_building_tests': False, 'cmake_args': None, 'cmake_clean_cache': False, 'cmake_clean_first': False, 'cmake_force_configure': False, 'cmake_target': None, 'cmake_target_skip_unavailable': False, 'install_base': '/home/qubo/mysunny/install/tutorial_interfaces', 'merge_install': False, 'path': '/home/qubo/mysunny/src/tutorial_interfaces', 'symlink_install': False, 'test_result_base': None}
[0.239s] Level 5:colcon.colcon_core.verb:set package 'cloud_result_tcpip' build argument 'cmake_args' from command line to 'None'
[0.239s] Level 5:colcon.colcon_core.verb:set package 'cloud_result_tcpip' build argument 'cmake_target' from command line to 'None'
[0.239s] Level 5:colcon.colcon_core.verb:set package 'cloud_result_tcpip' build argument 'cmake_target_skip_unavailable' from command line to 'False'
[0.239s] Level 5:colcon.colcon_core.verb:set package 'cloud_result_tcpip' build argument 'cmake_clean_cache' from command line to 'False'
[0.239s] Level 5:colcon.colcon_core.verb:set package 'cloud_result_tcpip' build argument 'cmake_clean_first' from command line to 'False'
[0.240s] Level 5:colcon.colcon_core.verb:set package 'cloud_result_tcpip' build argument 'cmake_force_configure' from command line to 'False'
[0.240s] Level 5:colcon.colcon_core.verb:set package 'cloud_result_tcpip' build argument 'ament_cmake_args' from command line to 'None'
[0.240s] Level 5:colcon.colcon_core.verb:set package 'cloud_result_tcpip' build argument 'catkin_cmake_args' from command line to 'None'
[0.240s] Level 5:colcon.colcon_core.verb:set package 'cloud_result_tcpip' build argument 'catkin_skip_building_tests' from command line to 'False'
[0.240s] DEBUG:colcon.colcon_core.verb:Building package 'cloud_result_tcpip' with the following arguments: {'ament_cmake_args': None, 'build_base': '/home/qubo/mysunny/build/cloud_result_tcpip', 'catkin_cmake_args': None, 'catkin_skip_building_tests': False, 'cmake_args': None, 'cmake_clean_cache': False, 'cmake_clean_first': False, 'cmake_force_configure': False, 'cmake_target': None, 'cmake_target_skip_unavailable': False, 'install_base': '/home/qubo/mysunny/install/cloud_result_tcpip', 'merge_install': False, 'path': '/home/qubo/mysunny/src/cloud_result_tcpip', 'symlink_install': False, 'test_result_base': None}
[0.240s] Level 5:colcon.colcon_core.verb:set package 'image_result_tcpip' build argument 'cmake_args' from command line to 'None'
[0.240s] Level 5:colcon.colcon_core.verb:set package 'image_result_tcpip' build argument 'cmake_target' from command line to 'None'
[0.241s] Level 5:colcon.colcon_core.verb:set package 'image_result_tcpip' build argument 'cmake_target_skip_unavailable' from command line to 'False'
[0.241s] Level 5:colcon.colcon_core.verb:set package 'image_result_tcpip' build argument 'cmake_clean_cache' from command line to 'False'
[0.241s] Level 5:colcon.colcon_core.verb:set package 'image_result_tcpip' build argument 'cmake_clean_first' from command line to 'False'
[0.241s] Level 5:colcon.colcon_core.verb:set package 'image_result_tcpip' build argument 'cmake_force_configure' from command line to 'False'
[0.241s] Level 5:colcon.colcon_core.verb:set package 'image_result_tcpip' build argument 'ament_cmake_args' from command line to 'None'
[0.241s] Level 5:colcon.colcon_core.verb:set package 'image_result_tcpip' build argument 'catkin_cmake_args' from command line to 'None'
[0.241s] Level 5:colcon.colcon_core.verb:set package 'image_result_tcpip' build argument 'catkin_skip_building_tests' from command line to 'False'
[0.241s] DEBUG:colcon.colcon_core.verb:Building package 'image_result_tcpip' with the following arguments: {'ament_cmake_args': None, 'build_base': '/home/qubo/mysunny/build/image_result_tcpip', 'catkin_cmake_args': None, 'catkin_skip_building_tests': False, 'cmake_args': None, 'cmake_clean_cache': False, 'cmake_clean_first': False, 'cmake_force_configure': False, 'cmake_target': None, 'cmake_target_skip_unavailable': False, 'install_base': '/home/qubo/mysunny/install/image_result_tcpip', 'merge_install': False, 'path': '/home/qubo/mysunny/src/image_result_tcpip', 'symlink_install': False, 'test_result_base': None}
[0.242s] Level 5:colcon.colcon_core.verb:set package 'laser_imagepos' build argument 'cmake_args' from command line to 'None'
[0.242s] Level 5:colcon.colcon_core.verb:set package 'laser_imagepos' build argument 'cmake_target' from command line to 'None'
[0.242s] Level 5:colcon.colcon_core.verb:set package 'laser_imagepos' build argument 'cmake_target_skip_unavailable' from command line to 'False'
[0.242s] Level 5:colcon.colcon_core.verb:set package 'laser_imagepos' build argument 'cmake_clean_cache' from command line to 'False'
[0.242s] Level 5:colcon.colcon_core.verb:set package 'laser_imagepos' build argument 'cmake_clean_first' from command line to 'False'
[0.242s] Level 5:colcon.colcon_core.verb:set package 'laser_imagepos' build argument 'cmake_force_configure' from command line to 'False'
[0.242s] Level 5:colcon.colcon_core.verb:set package 'laser_imagepos' build argument 'ament_cmake_args' from command line to 'None'
[0.242s] Level 5:colcon.colcon_core.verb:set package 'laser_imagepos' build argument 'catkin_cmake_args' from command line to 'None'
[0.242s] Level 5:colcon.colcon_core.verb:set package 'laser_imagepos' build argument 'catkin_skip_building_tests' from command line to 'False'
[0.242s] DEBUG:colcon.colcon_core.verb:Building package 'laser_imagepos' with the following arguments: {'ament_cmake_args': None, 'build_base': '/home/qubo/mysunny/build/laser_imagepos', 'catkin_cmake_args': None, 'catkin_skip_building_tests': False, 'cmake_args': None, 'cmake_clean_cache': False, 'cmake_clean_first': False, 'cmake_force_configure': False, 'cmake_target': None, 'cmake_target_skip_unavailable': False, 'install_base': '/home/qubo/mysunny/install/laser_imagepos', 'merge_install': False, 'path': '/home/qubo/mysunny/src/laser_imagepos', 'symlink_install': False, 'test_result_base': None}
[0.243s] Level 5:colcon.colcon_core.verb:set package 'line_center_reconstruction' build argument 'cmake_args' from command line to 'None'
[0.243s] Level 5:colcon.colcon_core.verb:set package 'line_center_reconstruction' build argument 'cmake_target' from command line to 'None'
[0.243s] Level 5:colcon.colcon_core.verb:set package 'line_center_reconstruction' build argument 'cmake_target_skip_unavailable' from command line to 'False'
[0.243s] Level 5:colcon.colcon_core.verb:set package 'line_center_reconstruction' build argument 'cmake_clean_cache' from command line to 'False'
[0.243s] Level 5:colcon.colcon_core.verb:set package 'line_center_reconstruction' build argument 'cmake_clean_first' from command line to 'False'
[0.243s] Level 5:colcon.colcon_core.verb:set package 'line_center_reconstruction' build argument 'cmake_force_configure' from command line to 'False'
[0.243s] Level 5:colcon.colcon_core.verb:set package 'line_center_reconstruction' build argument 'ament_cmake_args' from command line to 'None'
[0.243s] Level 5:colcon.colcon_core.verb:set package 'line_center_reconstruction' build argument 'catkin_cmake_args' from command line to 'None'
[0.243s] Level 5:colcon.colcon_core.verb:set package 'line_center_reconstruction' build argument 'catkin_skip_building_tests' from command line to 'False'
[0.243s] DEBUG:colcon.colcon_core.verb:Building package 'line_center_reconstruction' with the following arguments: {'ament_cmake_args': None, 'build_base': '/home/qubo/mysunny/build/line_center_reconstruction', 'catkin_cmake_args': None, 'catkin_skip_building_tests': False, 'cmake_args': None, 'cmake_clean_cache': False, 'cmake_clean_first': False, 'cmake_force_configure': False, 'cmake_target': None, 'cmake_target_skip_unavailable': False, 'install_base': '/home/qubo/mysunny/install/line_center_reconstruction', 'merge_install': False, 'path': '/home/qubo/mysunny/src/line_center_reconstruction', 'symlink_install': False, 'test_result_base': None}
[0.244s] Level 5:colcon.colcon_core.verb:set package 'modbus' build argument 'cmake_args' from command line to 'None'
[0.244s] Level 5:colcon.colcon_core.verb:set package 'modbus' build argument 'cmake_target' from command line to 'None'
[0.244s] Level 5:colcon.colcon_core.verb:set package 'modbus' build argument 'cmake_target_skip_unavailable' from command line to 'False'
[0.244s] Level 5:colcon.colcon_core.verb:set package 'modbus' build argument 'cmake_clean_cache' from command line to 'False'
[0.244s] Level 5:colcon.colcon_core.verb:set package 'modbus' build argument 'cmake_clean_first' from command line to 'False'
[0.244s] Level 5:colcon.colcon_core.verb:set package 'modbus' build argument 'cmake_force_configure' from command line to 'False'
[0.244s] Level 5:colcon.colcon_core.verb:set package 'modbus' build argument 'ament_cmake_args' from command line to 'None'
[0.244s] Level 5:colcon.colcon_core.verb:set package 'modbus' build argument 'catkin_cmake_args' from command line to 'None'
[0.244s] Level 5:colcon.colcon_core.verb:set package 'modbus' build argument 'catkin_skip_building_tests' from command line to 'False'
[0.245s] DEBUG:colcon.colcon_core.verb:Building package 'modbus' with the following arguments: {'ament_cmake_args': None, 'build_base': '/home/qubo/mysunny/build/modbus', 'catkin_cmake_args': None, 'catkin_skip_building_tests': False, 'cmake_args': None, 'cmake_clean_cache': False, 'cmake_clean_first': False, 'cmake_force_configure': False, 'cmake_target': None, 'cmake_target_skip_unavailable': False, 'install_base': '/home/qubo/mysunny/install/modbus', 'merge_install': False, 'path': '/home/qubo/mysunny/src/modbus', 'symlink_install': False, 'test_result_base': None}
[0.245s] Level 5:colcon.colcon_core.verb:set package 'my_pclout' build argument 'cmake_args' from command line to 'None'
[0.245s] Level 5:colcon.colcon_core.verb:set package 'my_pclout' build argument 'cmake_target' from command line to 'None'
[0.245s] Level 5:colcon.colcon_core.verb:set package 'my_pclout' build argument 'cmake_target_skip_unavailable' from command line to 'False'
[0.245s] Level 5:colcon.colcon_core.verb:set package 'my_pclout' build argument 'cmake_clean_cache' from command line to 'False'
[0.245s] Level 5:colcon.colcon_core.verb:set package 'my_pclout' build argument 'cmake_clean_first' from command line to 'False'
[0.246s] Level 5:colcon.colcon_core.verb:set package 'my_pclout' build argument 'cmake_force_configure' from command line to 'False'
[0.246s] Level 5:colcon.colcon_core.verb:set package 'my_pclout' build argument 'ament_cmake_args' from command line to 'None'
[0.246s] Level 5:colcon.colcon_core.verb:set package 'my_pclout' build argument 'catkin_cmake_args' from command line to 'None'
[0.246s] Level 5:colcon.colcon_core.verb:set package 'my_pclout' build argument 'catkin_skip_building_tests' from command line to 'False'
[0.246s] DEBUG:colcon.colcon_core.verb:Building package 'my_pclout' with the following arguments: {'ament_cmake_args': None, 'build_base': '/home/qubo/mysunny/build/my_pclout', 'catkin_cmake_args': None, 'catkin_skip_building_tests': False, 'cmake_args': None, 'cmake_clean_cache': False, 'cmake_clean_first': False, 'cmake_force_configure': False, 'cmake_target': None, 'cmake_target_skip_unavailable': False, 'install_base': '/home/qubo/mysunny/install/my_pclout', 'merge_install': False, 'path': '/home/qubo/mysunny/src/my_pclout', 'symlink_install': False, 'test_result_base': None}
[0.246s] Level 5:colcon.colcon_core.verb:set package 'pipeline_tis' build argument 'cmake_args' from command line to 'None'
[0.246s] Level 5:colcon.colcon_core.verb:set package 'pipeline_tis' build argument 'cmake_target' from command line to 'None'
[0.247s] Level 5:colcon.colcon_core.verb:set package 'pipeline_tis' build argument 'cmake_target_skip_unavailable' from command line to 'False'
[0.247s] Level 5:colcon.colcon_core.verb:set package 'pipeline_tis' build argument 'cmake_clean_cache' from command line to 'False'
[0.247s] Level 5:colcon.colcon_core.verb:set package 'pipeline_tis' build argument 'cmake_clean_first' from command line to 'False'
[0.247s] Level 5:colcon.colcon_core.verb:set package 'pipeline_tis' build argument 'cmake_force_configure' from command line to 'False'
[0.247s] Level 5:colcon.colcon_core.verb:set package 'pipeline_tis' build argument 'ament_cmake_args' from command line to 'None'
[0.247s] Level 5:colcon.colcon_core.verb:set package 'pipeline_tis' build argument 'catkin_cmake_args' from command line to 'None'
[0.247s] Level 5:colcon.colcon_core.verb:set package 'pipeline_tis' build argument 'catkin_skip_building_tests' from command line to 'False'
[0.247s] DEBUG:colcon.colcon_core.verb:Building package 'pipeline_tis' with the following arguments: {'ament_cmake_args': None, 'build_base': '/home/qubo/mysunny/build/pipeline_tis', 'catkin_cmake_args': None, 'catkin_skip_building_tests': False, 'cmake_args': None, 'cmake_clean_cache': False, 'cmake_clean_first': False, 'cmake_force_configure': False, 'cmake_target': None, 'cmake_target_skip_unavailable': False, 'install_base': '/home/qubo/mysunny/install/pipeline_tis', 'merge_install': False, 'path': '/home/qubo/mysunny/src/pipeline_tis', 'symlink_install': False, 'test_result_base': None}
[0.247s] INFO:colcon.colcon_core.executor:Executing jobs using 'sequential' executor
[0.249s] DEBUG:colcon.colcon_core.executor.sequential:run_until_complete 'camera_test'
[0.249s] INFO:colcon.colcon_ros.task.ament_cmake.build:Building ROS package in '/home/qubo/mysunny/src/camera_test' with build type 'ament_cmake'
[0.249s] INFO:colcon.colcon_cmake.task.cmake.build:Building CMake package in '/home/qubo/mysunny/src/camera_test'
[0.250s] INFO:colcon.colcon_core.plugin_system:Skipping extension 'colcon_core.shell.bat': Not used on non-Windows systems
[0.250s] DEBUG:colcon.colcon_core.shell:Skip shell extension 'dsv' for command environment
[0.262s] DEBUG:colcon.colcon_core.event_handler.log_command:Invoking command in '/home/qubo/mysunny/build/camera_test': CMAKE_PREFIX_PATH=${CMAKE_PREFIX_PATH}:/home/qubo/mysunny/install/seam_tracking:/home/qubo/mysunny/install/config_tis:/home/qubo/myRos2test/install/learning_urdf:/home/qubo/myRos2test/install/learning_topic:/home/qubo/myRos2test/install/learning_tf:/home/qubo/myRos2test/install/learning_service:/home/qubo/myRos2test/install/learning_qos:/home/qubo/myRos2test/install/learning_pkg_python:/home/qubo/myRos2test/install/learning_parameter:/home/qubo/myRos2test/install/learning_node:/home/qubo/myRos2test/install/learning_launch:/home/qubo/myRos2test/install/learning_action:/home/qubo/myRos2test/install/learning_gazebo:/opt/ros/galactic /usr/bin/cmake --build /home/qubo/mysunny/build/camera_test -- -j4 -l4
[0.461s] DEBUG:colcon.colcon_core.event_handler.log_command:Invoked command in '/home/qubo/mysunny/build/camera_test' returned '2': CMAKE_PREFIX_PATH=${CMAKE_PREFIX_PATH}:/home/qubo/mysunny/install/seam_tracking:/home/qubo/mysunny/install/config_tis:/home/qubo/myRos2test/install/learning_urdf:/home/qubo/myRos2test/install/learning_topic:/home/qubo/myRos2test/install/learning_tf:/home/qubo/myRos2test/install/learning_service:/home/qubo/myRos2test/install/learning_qos:/home/qubo/myRos2test/install/learning_pkg_python:/home/qubo/myRos2test/install/learning_parameter:/home/qubo/myRos2test/install/learning_node:/home/qubo/myRos2test/install/learning_launch:/home/qubo/myRos2test/install/learning_action:/home/qubo/myRos2test/install/learning_gazebo:/opt/ros/galactic /usr/bin/cmake --build /home/qubo/mysunny/build/camera_test -- -j4 -l4
[0.490s] Level 1:colcon.colcon_core.environment:create_environment_scripts_only(camera_test)
[0.495s] Level 1:colcon.colcon_core.environment:checking '/home/qubo/mysunny/install/camera_test' for CMake module files
[0.495s] Level 1:colcon.colcon_core.environment:checking '/home/qubo/mysunny/install/camera_test' for CMake config files
[0.495s] Level 1:colcon.colcon_core.shell:create_environment_hook('camera_test', 'cmake_prefix_path')
[0.496s] INFO:colcon.colcon_core.shell:Creating environment descriptor '/home/qubo/mysunny/install/camera_test/share/camera_test/hook/cmake_prefix_path.dsv'
[0.497s] INFO:colcon.colcon_core.shell:Creating environment hook '/home/qubo/mysunny/install/camera_test/share/camera_test/hook/cmake_prefix_path.sh'
[0.498s] Level 1:colcon.colcon_core.environment:checking '/home/qubo/mysunny/install/camera_test/lib'
[0.498s] Level 1:colcon.colcon_core.shell:create_environment_hook('camera_test', 'ld_library_path_lib')
[0.498s] INFO:colcon.colcon_core.shell:Creating environment descriptor '/home/qubo/mysunny/install/camera_test/share/camera_test/hook/ld_library_path_lib.dsv'
[0.499s] INFO:colcon.colcon_core.shell:Creating environment hook '/home/qubo/mysunny/install/camera_test/share/camera_test/hook/ld_library_path_lib.sh'
[0.499s] Level 1:colcon.colcon_core.environment:checking '/home/qubo/mysunny/install/camera_test/bin'
[0.499s] Level 1:colcon.colcon_core.environment:checking '/home/qubo/mysunny/install/camera_test/lib/pkgconfig/camera_test.pc'
[0.500s] Level 1:colcon.colcon_core.environment:checking '/home/qubo/mysunny/install/camera_test/lib/python3.8/site-packages'
[0.500s] Level 1:colcon.colcon_core.environment:checking '/home/qubo/mysunny/install/camera_test/bin'
[0.500s] INFO:colcon.colcon_core.shell:Creating package descriptor '/home/qubo/mysunny/install/camera_test/share/camera_test/package.dsv'
[0.501s] INFO:colcon.colcon_core.shell:Creating package script '/home/qubo/mysunny/install/camera_test/share/camera_test/package.sh'
[0.501s] Level 1:colcon.colcon_core.environment:create_file_with_runtime_dependencies(/home/qubo/mysunny/install/camera_test/share/colcon-core/packages/camera_test)
[0.502s] DEBUG:colcon.colcon_core.executor.sequential:run_until_complete 'camera_test' finished with '2'
[0.502s] DEBUG:colcon.colcon_core.executor.sequential:closing loop
[0.502s] DEBUG:colcon.colcon_core.executor.sequential:loop closed
[0.503s] DEBUG:colcon.colcon_core.event_reactor:joining thread
[0.504s] DEBUG:colcon.colcon_core.event_reactor:joined thread
[0.504s] INFO:colcon.colcon_core.shell:Creating prefix script '/home/qubo/mysunny/install/local_setup.sh'
[0.505s] INFO:colcon.colcon_core.shell:Creating prefix util module '/home/qubo/mysunny/install/_local_setup_util_sh.py'
[0.506s] INFO:colcon.colcon_core.shell:Creating prefix chain script '/home/qubo/mysunny/install/setup.sh'
